#
# There is insufficient memory for the Java Runtime Environment to continue.
# Native memory allocation (mmap) failed to map 169869312 bytes for Failed to commit area from 0x0000000090000000 to 0x000000009a200000 of length 169869312.
# Possible reasons:
#   The system is out of physical RAM or swap space
#   The process is running with CompressedOops enabled, and the Java Heap may be blocking the growth of the native heap
# Possible solutions:
#   Reduce memory load on the system
#   Increase physical memory or swap space
#   Check if swap backing store is full
#   Decrease Java heap size (-Xmx/-Xms)
#   Decrease number of Java threads
#   Decrease Java thread stack sizes (-Xss)
#   Set larger code cache with -XX:ReservedCodeCacheSize=
#   JVM is running with Unscaled Compressed Oops mode in which the Java heap is
#     placed in the first 4GB address space. The Java Heap base address is the
#     maximum limit for the native heap growth. Please use -XX:HeapBaseMinAddress
#     to set the Java Heap base and to place the Java Heap above 4GB virtual address.
# This output file may be truncated or incomplete.
#
#  Out of Memory Error (./src/hotspot/os/windows/os_windows.cpp:3301), pid=25776, tid=33756
#
# JRE version: OpenJDK Runtime Environment (11.0.10) (build 11.0.10+0-b96-7249189)
# Java VM: OpenJDK 64-Bit Server VM (11.0.10+0-b96-7249189, mixed mode, tiered, compressed oops, g1 gc, windows-amd64)
# No core dump will be written. Minidumps are not enabled by default on client versions of Windows
#

---------------  S U M M A R Y ------------

Command Line: --add-opens=java.base/java.util=ALL-UNNAMED --add-opens=java.base/java.lang=ALL-UNNAMED --add-opens=java.base/java.lang.invoke=ALL-UNNAMED --add-opens=java.base/java.util=ALL-UNNAMED --add-opens=java.prefs/java.util.prefs=ALL-UNNAMED --add-opens=java.prefs/java.util.prefs=ALL-UNNAMED --add-opens=java.base/java.nio.charset=ALL-UNNAMED --add-opens=java.base/java.net=ALL-UNNAMED --add-opens=java.base/java.util.concurrent.atomic=ALL-UNNAMED -Xmx2048m -Dfile.encoding=UTF-8 -Duser.country=JP -Duser.language=ja -Duser.variant org.gradle.launcher.daemon.bootstrap.GradleDaemon 7.0.2

Host: AMD Ryzen: ZD270XBGM88AF_42/37_Y               , 16 cores, 15G,  Windows 10 , 64 bit Build 22504 (10.0.22504.1000)
Time: Fri Dec 17 09:58:45 2021 “Œ‹ž (•W€Žž) elapsed time: 138.269780 seconds (0d 0h 2m 18s)

---------------  T H R E A D  ---------------

Current thread (0x0000020aef329800):  VMThread "VM Thread" [stack: 0x0000003295d00000,0x0000003295e00000] [id=33756]

Stack: [0x0000003295d00000,0x0000003295e00000]
[error occurred during error reporting (printing stack bounds), id 0xc0000005, EXCEPTION_ACCESS_VIOLATION (0xc0000005) at pc=0x0000020ad75a0f2d]

Native frames: (J=compiled Java code, j=interpreted, Vv=VM code, C=native code)
V  [jvm.dll+0x5ecfaa]
V  [jvm.dll+0x722bd5]
V  [jvm.dll+0x72412d]
V  [jvm.dll+0x724745]
V  [jvm.dll+0x7246fb]
V  [jvm.dll+0x5ec348]
V  [jvm.dll+0x5ecad8]
C  [ntdll.dll+0xa64cf]
C  [ntdll.dll+0x13b76]
C  [ntdll.dll+0xa54be]
C  0x0000020ad75a0f2d

VM_Operation (0x000000329e7fe4e0): G1CollectForAllocation, mode: safepoint, requested by thread 0x0000020af4ad3000


---------------  P R O C E S S  ---------------

Threads class SMR info:
_java_thread_list=0x0000020afb705390, length=132, elements={
0x0000020ad3abc000, 0x0000020aef32d000, 0x0000020aef338800, 0x0000020aef393800,
0x0000020aef394800, 0x0000020aef398000, 0x0000020aef39d000, 0x0000020aef39e000,
0x0000020aef3ad000, 0x0000020aef530800, 0x0000020aef52c800, 0x0000020aef52d800,
0x0000020aef52b800, 0x0000020af2407000, 0x0000020af2407800, 0x0000020af2408800,
0x0000020af2406000, 0x0000020af240a000, 0x0000020af240c000, 0x0000020af240f000,
0x0000020af2410800, 0x0000020af2411800, 0x0000020af48fb000, 0x0000020af15dc800,
0x0000020af15dd800, 0x0000020af15db000, 0x0000020af15e0000, 0x0000020af15da000,
0x0000020af15db800, 0x0000020af15e0800, 0x0000020af15e1800, 0x0000020af15e2000,
0x0000020af15de000, 0x0000020af15e5800, 0x0000020af15e6800, 0x0000020af15e7000,
0x0000020af15e4800, 0x0000020af4ac8800, 0x0000020af48fc800, 0x0000020af2405800,
0x0000020af2404800, 0x0000020af2403000, 0x0000020af2409800, 0x0000020af2403800,
0x0000020af240b000, 0x0000020af4ac9000, 0x0000020af4aca000, 0x0000020af4ac5000,
0x0000020af4ac4800, 0x0000020af4acb000, 0x0000020af4acb800, 0x0000020af4ac6000,
0x0000020af4ac7000, 0x0000020af4acc800, 0x0000020af4ad2000, 0x0000020af4ad0800,
0x0000020af4ad1800, 0x0000020af4acf000, 0x0000020af4acf800, 0x0000020afc60e000,
0x0000020afc60d000, 0x0000020afc612000, 0x0000020afc60f000, 0x0000020afc60f800,
0x0000020afc610800, 0x0000020afc60c800, 0x0000020afc613800, 0x0000020afc616000,
0x0000020afc618800, 0x0000020afc614800, 0x0000020afc613000, 0x0000020afc619800,
0x0000020afc615800, 0x0000020afc617000, 0x0000020afc61a000, 0x0000020afc618000,
0x0000020af48f9800, 0x0000020af48fa000, 0x0000020af48f6000, 0x0000020af48f8800,
0x0000020af48f7000, 0x0000020af48fd800, 0x0000020af48f8000, 0x0000020af4904000,
0x0000020af4900800, 0x0000020af48fe800, 0x0000020af4901800, 0x0000020af4905000,
0x0000020af4903000, 0x0000020af4902800, 0x0000020af48ff000, 0x0000020af4900000,
0x0000020aef52f000, 0x0000020aef530000, 0x0000020aef52e000, 0x0000020aef52b000,
0x0000020aef531800, 0x0000020af15e3000, 0x0000020af15e4000, 0x0000020af15df000,
0x0000020af15e8000, 0x0000020af4ace000, 0x0000020af73d5000, 0x0000020af73d6000,
0x0000020af73d9800, 0x0000020af73d7800, 0x0000020af73da000, 0x0000020af73d4800,
0x0000020af73db000, 0x0000020af73db800, 0x0000020af73dc800, 0x0000020af73d7000,
0x0000020af73dd800, 0x0000020af73de000, 0x0000020af73d8800, 0x0000020af73df000,
0x0000020af73e0000, 0x0000020af73e0800, 0x0000020af73e1800, 0x0000020af73e2800,
0x0000020af73e3000, 0x0000020af4ad3000, 0x0000020af4acd800, 0x0000020af9e61000,
0x0000020af9e64000, 0x0000020af9e61800, 0x0000020af9e63800, 0x0000020af9e65000,
0x0000020af9e62800, 0x0000020af9e60000, 0x0000020af9e5f800, 0x0000020af9e66800
}

Java Threads: ( => current thread )
  0x0000020ad3abc000 JavaThread "main" [_thread_blocked, id=12468, stack(0x0000003295700000,0x0000003295800000)]
  0x0000020aef32d000 JavaThread "Reference Handler" daemon [_thread_blocked, id=31736, stack(0x0000003295e00000,0x0000003295f00000)]
  0x0000020aef338800 JavaThread "Finalizer" daemon [_thread_blocked, id=28060, stack(0x0000003295f00000,0x0000003296000000)]
  0x0000020aef393800 JavaThread "Signal Dispatcher" daemon [_thread_blocked, id=7732, stack(0x0000003296000000,0x0000003296100000)]
  0x0000020aef394800 JavaThread "Attach Listener" daemon [_thread_blocked, id=19156, stack(0x0000003296100000,0x0000003296200000)]
  0x0000020aef398000 JavaThread "Service Thread" daemon [_thread_blocked, id=25020, stack(0x0000003296200000,0x0000003296300000)]
  0x0000020aef39d000 JavaThread "C2 CompilerThread0" daemon [_thread_in_native, id=26752, stack(0x0000003296300000,0x0000003296400000)]
  0x0000020aef39e000 JavaThread "C1 CompilerThread0" daemon [_thread_blocked, id=28620, stack(0x0000003296400000,0x0000003296500000)]
  0x0000020aef3ad000 JavaThread "Sweeper thread" daemon [_thread_blocked, id=13932, stack(0x0000003296500000,0x0000003296600000)]
  0x0000020aef530800 JavaThread "Common-Cleaner" daemon [_thread_blocked, id=30436, stack(0x0000003296600000,0x0000003296700000)]
  0x0000020aef52c800 JavaThread "Daemon health stats" [_thread_blocked, id=25564, stack(0x0000003297200000,0x0000003297300000)]
  0x0000020aef52d800 JavaThread "Incoming local TCP Connector on port 56899" [_thread_in_native, id=14528, stack(0x0000003296b00000,0x0000003296c00000)]
  0x0000020aef52b800 JavaThread "Daemon periodic checks" [_thread_blocked, id=28692, stack(0x0000003297100000,0x0000003297200000)]
  0x0000020af2407000 JavaThread "Cache worker for file hash cache (C:\Users\0ae\.gradle\caches\7.0.2\fileHashes)" [_thread_blocked, id=4272, stack(0x0000003297a00000,0x0000003297b00000)]
  0x0000020af2407800 JavaThread "File lock request listener" [_thread_in_native, id=33244, stack(0x0000003297b00000,0x0000003297c00000)]
  0x0000020af2408800 JavaThread "Cache worker for journal cache (C:\Users\0ae\.gradle\caches\journal-1)" [_thread_blocked, id=24404, stack(0x0000003298500000,0x0000003298600000)]
  0x0000020af2406000 JavaThread "File watcher server" daemon [_thread_blocked, id=30600, stack(0x0000003298900000,0x0000003298a00000)]
  0x0000020af240a000 JavaThread "File watcher consumer" daemon [_thread_blocked, id=18604, stack(0x0000003298a00000,0x0000003298b00000)]
  0x0000020af240c000 JavaThread "Cache worker for execution history cache (C:\Users\0ae\.gradle\caches\7.0.2\executionHistory)" [_thread_blocked, id=6436, stack(0x0000003298f00000,0x0000003299000000)]
  0x0000020af240f000 JavaThread "jar transforms" [_thread_blocked, id=16612, stack(0x0000003299300000,0x0000003299400000)]
  0x0000020af2410800 JavaThread "jar transforms Thread 2" [_thread_blocked, id=23528, stack(0x0000003299400000,0x0000003299500000)]
  0x0000020af2411800 JavaThread "Cache worker for file content cache (C:\Users\0ae\.gradle\caches\7.0.2\fileContent)" [_thread_blocked, id=16140, stack(0x0000003299500000,0x0000003299600000)]
  0x0000020af48fb000 JavaThread "jar transforms Thread 3" [_thread_blocked, id=1312, stack(0x0000003299700000,0x0000003299800000)]
  0x0000020af15dc800 JavaThread "jar transforms Thread 4" [_thread_blocked, id=29264, stack(0x0000003299100000,0x0000003299200000)]
  0x0000020af15dd800 JavaThread "jar transforms Thread 5" [_thread_blocked, id=15484, stack(0x000000329a800000,0x000000329a900000)]
  0x0000020af15db000 JavaThread "jar transforms Thread 6" [_thread_blocked, id=14612, stack(0x000000329a900000,0x000000329aa00000)]
  0x0000020af15e0000 JavaThread "jar transforms Thread 7" [_thread_blocked, id=1360, stack(0x000000329aa00000,0x000000329ab00000)]
  0x0000020af15da000 JavaThread "jar transforms Thread 8" [_thread_blocked, id=15380, stack(0x000000329ab00000,0x000000329ac00000)]
  0x0000020af15db800 JavaThread "jar transforms Thread 9" [_thread_blocked, id=7116, stack(0x000000329ac00000,0x000000329ad00000)]
  0x0000020af15e0800 JavaThread "jar transforms Thread 10" [_thread_blocked, id=30248, stack(0x000000329ad00000,0x000000329ae00000)]
  0x0000020af15e1800 JavaThread "jar transforms Thread 11" [_thread_blocked, id=15136, stack(0x000000329ae00000,0x000000329af00000)]
  0x0000020af15e2000 JavaThread "jar transforms Thread 12" [_thread_blocked, id=24260, stack(0x000000329af00000,0x000000329b000000)]
  0x0000020af15de000 JavaThread "jar transforms Thread 13" [_thread_blocked, id=7228, stack(0x000000329b000000,0x000000329b100000)]
  0x0000020af15e5800 JavaThread "jar transforms Thread 14" [_thread_blocked, id=27884, stack(0x000000329b100000,0x000000329b200000)]
  0x0000020af15e6800 JavaThread "jar transforms Thread 15" [_thread_blocked, id=12564, stack(0x000000329b200000,0x000000329b300000)]
  0x0000020af15e7000 JavaThread "jar transforms Thread 16" [_thread_blocked, id=27200, stack(0x000000329b300000,0x000000329b400000)]
  0x0000020af15e4800 JavaThread "Memory manager" [_thread_blocked, id=19096, stack(0x000000329b500000,0x000000329b600000)]
  0x0000020af4ac8800 JavaThread "pool-3-thread-1" [_thread_blocked, id=26040, stack(0x000000329b900000,0x000000329ba00000)]
  0x0000020af48fc800 JavaThread "pool-6-thread-1" [_thread_blocked, id=4812, stack(0x000000329bd00000,0x000000329be00000)]
  0x0000020af2405800 JavaThread "Daemon Thread 2" [_thread_blocked, id=17852, stack(0x0000003295400000,0x0000003295500000)]
  0x0000020af2404800 JavaThread "Handler for socket connection from /127.0.0.1:56899 to /127.0.0.1:55459" [_thread_in_native, id=26416, stack(0x0000003295500000,0x0000003295600000)]
  0x0000020af2403000 JavaThread "Cancel handler" [_thread_blocked, id=23744, stack(0x0000003295600000,0x0000003295700000)]
  0x0000020af2409800 JavaThread "Daemon worker Thread 2" [_thread_blocked, id=34556, stack(0x0000003296a00000,0x0000003296b00000)]
  0x0000020af2403800 JavaThread "C1 CompilerThread1" daemon [_thread_blocked, id=30712, stack(0x0000003297300000,0x0000003297400000)]
  0x0000020af240b000 JavaThread "Asynchronous log dispatcher for DefaultDaemonConnection: socket connection from /127.0.0.1:56899 to /127.0.0.1:55459" [_thread_blocked, id=25800, stack(0x0000003297400000,0x0000003297500000)]
  0x0000020af4ac9000 JavaThread "Stdin handler" [_thread_blocked, id=32648, stack(0x0000003297500000,0x0000003297600000)]
  0x0000020af4aca000 JavaThread "Daemon client event forwarder" [_thread_blocked, id=30944, stack(0x0000003297600000,0x0000003297700000)]
  0x0000020af4ac5000 JavaThread "Cache worker for file hash cache (C:\Users\0ae\Project\Longhao\.gradle\7.0.2\fileHashes)" [_thread_blocked, id=22000, stack(0x0000003297700000,0x0000003297800000)]
  0x0000020af4ac4800 JavaThread "Cache worker for checksums cache (C:\Users\0ae\Project\Longhao\.gradle\checksums)" [_thread_blocked, id=7120, stack(0x0000003297800000,0x0000003297900000)]
  0x0000020af4acb000 JavaThread "Cache worker for cache directory md-supplier (C:\Users\0ae\.gradle\caches\7.0.2\md-supplier)" [_thread_blocked, id=24216, stack(0x0000003297900000,0x0000003297a00000)]
  0x0000020af4acb800 JavaThread "Cache worker for cache directory md-rule (C:\Users\0ae\.gradle\caches\7.0.2\md-rule)" [_thread_blocked, id=7900, stack(0x0000003298600000,0x0000003298700000)]
  0x0000020af4ac6000 JavaThread "Cache worker for dependencies-accessors (C:\Users\0ae\Project\Longhao\.gradle\7.0.2\dependencies-accessors)" [_thread_blocked, id=4400, stack(0x0000003298700000,0x0000003298800000)]
  0x0000020af4ac7000 JavaThread "C2 CompilerThread1" daemon [_thread_in_native, id=16556, stack(0x0000003298b00000,0x0000003298c00000)]
  0x0000020af4acc800 JavaThread "Cache worker for Build Output Cleanup Cache (C:\Users\0ae\Project\Longhao\.gradle\buildOutputCleanup)" [_thread_blocked, id=23120, stack(0x0000003298c00000,0x0000003298d00000)]
  0x0000020af4ad2000 JavaThread "C2 CompilerThread2" daemon [_thread_in_native, id=27272, stack(0x0000003296700000,0x0000003296800000)]
  0x0000020af4ad0800 JavaThread "C2 CompilerThread3" daemon [_thread_blocked, id=28936, stack(0x0000003296800000,0x0000003296900000)]
  0x0000020af4ad1800 JavaThread "C2 CompilerThread4" daemon [_thread_blocked, id=34536, stack(0x0000003298d00000,0x0000003298e00000)]
  0x0000020af4acf000 JavaThread "Build operations" [_thread_blocked, id=2856, stack(0x0000003299900000,0x0000003299a00000)]
  0x0000020af4acf800 JavaThread "Build operations Thread 2" [_thread_blocked, id=24508, stack(0x0000003299a00000,0x0000003299b00000)]
  0x0000020afc60e000 JavaThread "Build operations Thread 3" [_thread_blocked, id=22580, stack(0x0000003299b00000,0x0000003299c00000)]
  0x0000020afc60d000 JavaThread "Build operations Thread 4" [_thread_blocked, id=5760, stack(0x0000003299c00000,0x0000003299d00000)]
  0x0000020afc612000 JavaThread "Build operations Thread 5" [_thread_blocked, id=404, stack(0x0000003299d00000,0x0000003299e00000)]
  0x0000020afc60f000 JavaThread "Build operations Thread 6" [_thread_blocked, id=11688, stack(0x0000003299e00000,0x0000003299f00000)]
  0x0000020afc60f800 JavaThread "Build operations Thread 7" [_thread_blocked, id=17876, stack(0x0000003299f00000,0x000000329a000000)]
  0x0000020afc610800 JavaThread "Build operations Thread 8" [_thread_blocked, id=5224, stack(0x000000329a000000,0x000000329a100000)]
  0x0000020afc60c800 JavaThread "Build operations Thread 9" [_thread_blocked, id=16700, stack(0x000000329a100000,0x000000329a200000)]
  0x0000020afc613800 JavaThread "Build operations Thread 10" [_thread_blocked, id=6564, stack(0x000000329a200000,0x000000329a300000)]
  0x0000020afc616000 JavaThread "Build operations Thread 11" [_thread_blocked, id=14548, stack(0x000000329a300000,0x000000329a400000)]
  0x0000020afc618800 JavaThread "Build operations Thread 12" [_thread_blocked, id=22708, stack(0x000000329a400000,0x000000329a500000)]
  0x0000020afc614800 JavaThread "Build operations Thread 13" [_thread_blocked, id=31200, stack(0x000000329a500000,0x000000329a600000)]
  0x0000020afc613000 JavaThread "Build operations Thread 14" [_thread_blocked, id=18880, stack(0x000000329a600000,0x000000329a700000)]
  0x0000020afc619800 JavaThread "Build operations Thread 15" [_thread_blocked, id=17956, stack(0x000000329a700000,0x000000329a800000)]
  0x0000020afc615800 JavaThread "Build operations Thread 16" [_thread_blocked, id=11616, stack(0x000000329b400000,0x000000329b500000)]
  0x0000020afc617000 JavaThread "C1 CompilerThread2" daemon [_thread_blocked, id=4800, stack(0x000000329b600000,0x000000329b700000)]
  0x0000020afc61a000 JavaThread "build event listener" [_thread_blocked, id=29088, stack(0x000000329b700000,0x000000329b800000)]
  0x0000020afc618000 JavaThread "pool-9-thread-1" [_thread_blocked, id=29724, stack(0x000000329b800000,0x000000329b900000)]
  0x0000020af48f9800 JavaThread "build event listener" [_thread_blocked, id=25204, stack(0x000000329ba00000,0x000000329bb00000)]
  0x0000020af48fa000 JavaThread "Execution worker for ':'" [_thread_blocked, id=26912, stack(0x000000329bb00000,0x000000329bc00000)]
  0x0000020af48f6000 JavaThread "Execution worker for ':' Thread 2" [_thread_blocked, id=13528, stack(0x000000329bc00000,0x000000329bd00000)]
  0x0000020af48f8800 JavaThread "Execution worker for ':' Thread 3" [_thread_blocked, id=18712, stack(0x000000329be00000,0x000000329bf00000)]
  0x0000020af48f7000 JavaThread "Execution worker for ':' Thread 4" [_thread_blocked, id=9044, stack(0x000000329bf00000,0x000000329c000000)]
  0x0000020af48fd800 JavaThread "Execution worker for ':' Thread 5" [_thread_blocked, id=27984, stack(0x000000329c000000,0x000000329c100000)]
  0x0000020af48f8000 JavaThread "Execution worker for ':' Thread 6" [_thread_blocked, id=19020, stack(0x000000329c100000,0x000000329c200000)]
  0x0000020af4904000 JavaThread "Execution worker for ':' Thread 7" [_thread_blocked, id=32284, stack(0x000000329c200000,0x000000329c300000)]
  0x0000020af4900800 JavaThread "Execution worker for ':' Thread 8" [_thread_blocked, id=16872, stack(0x000000329c300000,0x000000329c400000)]
  0x0000020af48fe800 JavaThread "Execution worker for ':' Thread 9" [_thread_blocked, id=19152, stack(0x000000329c400000,0x000000329c500000)]
  0x0000020af4901800 JavaThread "Execution worker for ':' Thread 10" [_thread_blocked, id=33068, stack(0x000000329c500000,0x000000329c600000)]
  0x0000020af4905000 JavaThread "Execution worker for ':' Thread 11" [_thread_blocked, id=32040, stack(0x000000329c600000,0x000000329c700000)]
  0x0000020af4903000 JavaThread "Execution worker for ':' Thread 12" [_thread_blocked, id=28276, stack(0x000000329c700000,0x000000329c800000)]
  0x0000020af4902800 JavaThread "Execution worker for ':' Thread 13" [_thread_blocked, id=25124, stack(0x000000329c800000,0x000000329c900000)]
  0x0000020af48ff000 JavaThread "Execution worker for ':' Thread 14" [_thread_blocked, id=9184, stack(0x000000329c900000,0x000000329ca00000)]
  0x0000020af4900000 JavaThread "Execution worker for ':' Thread 15" [_thread_blocked, id=31512, stack(0x000000329ca00000,0x000000329cb00000)]
  0x0000020aef52f000 JavaThread "Cache worker for execution history cache (C:\Users\0ae\Project\Longhao\.gradle\7.0.2\executionHistory)" [_thread_blocked, id=30672, stack(0x000000329cb00000,0x000000329cc00000)]
  0x0000020aef530000 JavaThread "WorkerExecutor Queue" [_thread_blocked, id=31660, stack(0x0000003299800000,0x0000003299900000)]
  0x0000020aef52e000 JavaThread "WorkerExecutor Queue Thread 2" [_thread_blocked, id=18064, stack(0x000000329cc00000,0x000000329cd00000)]
  0x0000020aef52b000 JavaThread "WorkerExecutor Queue Thread 3" [_thread_blocked, id=5764, stack(0x000000329cd00000,0x000000329ce00000)]
  0x0000020aef531800 JavaThread "WorkerExecutor Queue Thread 4" [_thread_blocked, id=8652, stack(0x000000329ce00000,0x000000329cf00000)]
  0x0000020af15e3000 JavaThread "WorkerExecutor Queue Thread 5" [_thread_blocked, id=34484, stack(0x000000329cf00000,0x000000329d000000)]
  0x0000020af15e4000 JavaThread "WorkerExecutor Queue Thread 6" [_thread_blocked, id=23144, stack(0x000000329d000000,0x000000329d100000)]
  0x0000020af15df000 JavaThread "WorkerExecutor Queue Thread 7" [_thread_blocked, id=25056, stack(0x000000329d100000,0x000000329d200000)]
  0x0000020af15e8000 JavaThread "WorkerExecutor Queue Thread 8" [_thread_blocked, id=29744, stack(0x000000329d200000,0x000000329d300000)]
  0x0000020af4ace000 JavaThread "WorkerExecutor Queue Thread 9" [_thread_blocked, id=28360, stack(0x000000329d300000,0x000000329d400000)]
  0x0000020af73d5000 JavaThread "WorkerExecutor Queue Thread 10" [_thread_blocked, id=2912, stack(0x000000329d400000,0x000000329d500000)]
  0x0000020af73d6000 JavaThread "WorkerExecutor Queue Thread 11" [_thread_blocked, id=20628, stack(0x000000329d500000,0x000000329d600000)]
  0x0000020af73d9800 JavaThread "WorkerExecutor Queue Thread 12" [_thread_blocked, id=32532, stack(0x000000329d600000,0x000000329d700000)]
  0x0000020af73d7800 JavaThread "WorkerExecutor Queue Thread 13" [_thread_blocked, id=7880, stack(0x000000329d700000,0x000000329d800000)]
  0x0000020af73da000 JavaThread "WorkerExecutor Queue Thread 14" [_thread_blocked, id=27040, stack(0x000000329d800000,0x000000329d900000)]
  0x0000020af73d4800 JavaThread "WorkerExecutor Queue Thread 15" [_thread_blocked, id=18936, stack(0x000000329d900000,0x000000329da00000)]
  0x0000020af73db000 JavaThread "WorkerExecutor Queue Thread 16" [_thread_blocked, id=27876, stack(0x000000329da00000,0x000000329db00000)]
  0x0000020af73db800 JavaThread "pool-10-thread-1" [_thread_blocked, id=16656, stack(0x000000329db00000,0x000000329dc00000)]
  0x0000020af73dc800 JavaThread "stderr" [_thread_in_native, id=29224, stack(0x000000329dc00000,0x000000329dd00000)]
  0x0000020af73d7000 JavaThread "stdout" [_thread_in_native, id=30280, stack(0x000000329dd00000,0x000000329de00000)]
  0x0000020af73dd800 JavaThread "ForkJoinPool-1-worker-19" daemon [_thread_blocked, id=24864, stack(0x000000329de00000,0x000000329df00000)]
  0x0000020af73de000 JavaThread "ForkJoinPool-1-worker-5" daemon [_thread_blocked, id=34636, stack(0x000000329df00000,0x000000329e000000)]
  0x0000020af73d8800 JavaThread "ForkJoinPool-1-worker-23" daemon [_thread_blocked, id=27164, stack(0x000000329e000000,0x000000329e100000)]
  0x0000020af73df000 JavaThread "ForkJoinPool-1-worker-9" daemon [_thread_blocked, id=17344, stack(0x000000329e100000,0x000000329e200000)]
  0x0000020af73e0000 JavaThread "ForkJoinPool-1-worker-27" daemon [_thread_blocked, id=8736, stack(0x000000329e200000,0x000000329e300000)]
  0x0000020af73e0800 JavaThread "ForkJoinPool-1-worker-13" daemon [_thread_blocked, id=6000, stack(0x000000329e300000,0x000000329e400000)]
  0x0000020af73e1800 JavaThread "ForkJoinPool-1-worker-31" daemon [_thread_blocked, id=21096, stack(0x000000329e400000,0x000000329e500000)]
  0x0000020af73e2800 JavaThread "ForkJoinPool-1-worker-17" daemon [_thread_blocked, id=24996, stack(0x000000329e500000,0x000000329e600000)]
  0x0000020af73e3000 JavaThread "ForkJoinPool-1-worker-3" daemon [_thread_blocked, id=20756, stack(0x000000329e600000,0x000000329e700000)]
  0x0000020af4ad3000 JavaThread "ForkJoinPool-1-worker-21" daemon [_thread_blocked, id=31440, stack(0x000000329e700000,0x000000329e800000)]
  0x0000020af4acd800 JavaThread "ForkJoinPool-1-worker-7" daemon [_thread_blocked, id=12768, stack(0x000000329e800000,0x000000329e900000)]
  0x0000020af9e61000 JavaThread "ForkJoinPool-1-worker-25" daemon [_thread_blocked, id=21992, stack(0x000000329e900000,0x000000329ea00000)]
  0x0000020af9e64000 JavaThread "ForkJoinPool-1-worker-11" daemon [_thread_blocked, id=11288, stack(0x000000329ea00000,0x000000329eb00000)]
  0x0000020af9e61800 JavaThread "ForkJoinPool-1-worker-29" daemon [_thread_blocked, id=25888, stack(0x000000329eb00000,0x000000329ec00000)]
  0x0000020af9e63800 JavaThread "ForkJoinPool-1-worker-15" daemon [_thread_blocked, id=33424, stack(0x000000329ec00000,0x000000329ed00000)]
  0x0000020af9e65000 JavaThread "ForkJoinPool-1-worker-1" daemon [_thread_blocked, id=26320, stack(0x000000329ed00000,0x000000329ee00000)]
  0x0000020af9e62800 JavaThread "C1 CompilerThread3" daemon [_thread_blocked, id=31008, stack(0x000000329ee00000,0x000000329ef00000)]
  0x0000020af9e60000 JavaThread "C2 CompilerThread5" daemon [_thread_in_native, id=32508, stack(0x000000329ef00000,0x000000329f000000)]
  0x0000020af9e5f800 JavaThread "C2 CompilerThread6" daemon [_thread_blocked, id=10336, stack(0x000000329f000000,0x000000329f100000)]
  0x0000020af9e66800 JavaThread "C2 CompilerThread7" daemon [_thread_blocked, id=32988, stack(0x000000329f100000,0x000000329f200000)]

Other Threads:
=>0x0000020aef329800 VMThread "VM Thread" [stack: 0x0000003295d00000,0x0000003295e00000] [id=33756]
  0x0000020aef591000 WatcherThread [stack: 0x0000003296900000,0x0000003296a00000] [id=30588]
  0x0000020ad3ad5800 GCTaskThread "GC Thread#0" [stack: 0x0000003295800000,0x0000003295900000] [id=25544]
  0x0000020af0696800 GCTaskThread "GC Thread#1" [stack: 0x0000003296c00000,0x0000003296d00000] [id=15996]
  0x0000020af02c4000 GCTaskThread "GC Thread#2" [stack: 0x0000003296d00000,0x0000003296e00000] [id=19944]
  0x0000020af0773000 GCTaskThread "GC Thread#3" [stack: 0x0000003296e00000,0x0000003296f00000] [id=6196]
  0x0000020af0209800 GCTaskThread "GC Thread#4" [stack: 0x0000003296f00000,0x0000003297000000] [id=25036]
  0x0000020af0206800 GCTaskThread "GC Thread#5" [stack: 0x0000003297000000,0x0000003297100000] [id=25924]
  0x0000020af0208000 GCTaskThread "GC Thread#6" [stack: 0x0000003297c00000,0x0000003297d00000] [id=16940]
  0x0000020af0203000 GCTaskThread "GC Thread#7" [stack: 0x0000003297d00000,0x0000003297e00000] [id=20820]
  0x0000020af0205000 GCTaskThread "GC Thread#8" [stack: 0x0000003297e00000,0x0000003297f00000] [id=29944]
  0x0000020af0209000 GCTaskThread "GC Thread#9" [stack: 0x0000003297f00000,0x0000003298000000] [id=22228]
  0x0000020af0206000 GCTaskThread "GC Thread#10" [stack: 0x0000003298000000,0x0000003298100000] [id=31356]
  0x0000020af0207800 GCTaskThread "GC Thread#11" [stack: 0x0000003298100000,0x0000003298200000] [id=7372]
  0x0000020af020a800 GCTaskThread "GC Thread#12" [stack: 0x0000003298200000,0x0000003298300000] [id=12692]
  0x0000020ad3b07000 ConcurrentGCThread "G1 Main Marker" [stack: 0x0000003295900000,0x0000003295a00000] [id=32756]
  0x0000020ad3b08800 ConcurrentGCThread "G1 Conc#0" [stack: 0x0000003295a00000,0x0000003295b00000] [id=33180]
  0x0000020af0204000 ConcurrentGCThread "G1 Conc#1" [stack: 0x0000003298300000,0x0000003298400000] [id=19928]
  0x0000020af0204800 ConcurrentGCThread "G1 Conc#2" [stack: 0x0000003298400000,0x0000003298500000] [id=29788]
  0x0000020ad3b8e000 ConcurrentGCThread "G1 Refine#0" [stack: 0x0000003295b00000,0x0000003295c00000] [id=14360]
  0x0000020af2290800 ConcurrentGCThread "G1 Refine#1" [stack: 0x0000003298800000,0x0000003298900000] [id=15728]
  0x0000020af4d34000 ConcurrentGCThread "G1 Refine#2" [stack: 0x0000003298e00000,0x0000003298f00000] [id=23992]
  0x0000020af1ca5800 ConcurrentGCThread "G1 Refine#3" [stack: 0x0000003299000000,0x0000003299100000] [id=13420]
  0x0000020af7f8d000 ConcurrentGCThread "G1 Refine#4" [stack: 0x0000003299200000,0x0000003299300000] [id=17300]
  0x0000020afb8e8000 ConcurrentGCThread "G1 Refine#5" [stack: 0x0000003299600000,0x0000003299700000] [id=16480]
  0x0000020aee96d800 ConcurrentGCThread "G1 Young RemSet Sampling" [stack: 0x0000003295c00000,0x0000003295d00000] [id=23824]

Threads with active compile tasks:
C2 CompilerThread0 138289 17110       4       com.android.tools.r8.dex.j::b (36 bytes)
C2 CompilerThread1 138289 17165       4       com.android.tools.r8.dex.j::d (507 bytes)
C2 CompilerThread2 138289 16924       4       com.android.tools.r8.dex.j::e (654 bytes)
C2 CompilerThread3 138289 16883 %     4       com.android.tools.r8.dex.j::a @ 315 (1038 bytes)
C2 CompilerThread4 138289 17220       4       com.android.tools.r8.dex.j::i (798 bytes)
C2 CompilerThread5 138290 16950       4       com.android.tools.r8.code.w1::a (4137 bytes)
C2 CompilerThread6 138290 17202       4       com.android.tools.r8.graph.Q$$Lambda$1328/0x0000000100b81440::a (5 bytes)
C2 CompilerThread7 138290 17203       4       com.android.tools.r8.internal.f8::a (12 bytes)

VM state:at safepoint (normal execution)

VM Mutex/Monitor currently owned by a thread:  ([mutex/lock_event])
[0x0000020ad3ab8b80] Threads_lock - owner thread: 0x0000020aef329800
[0x0000020ad3ab83a0] Heap_lock - owner thread: 0x0000020af4ad3000

Heap address: 0x0000000080000000, size: 2048 MB, Compressed Oops mode: 32-bit
Narrow klass base: 0x0000000000000000, Narrow klass shift: 3
Compressed class space size: 1073741824 Address: 0x0000000100000000

Heap:
 garbage-first heap   total 428032K, used 248669K [0x0000000080000000, 0x0000000100000000)
  region size 1024K, 2 young (2048K), 2 survivors (2048K)
 Metaspace       used 106712K, capacity 109263K, committed 109808K, reserved 1144832K
  class space    used 13441K, capacity 14357K, committed 14540K, reserved 1048576K
Heap Regions: E=young(eden), S=young(survivor), O=old, HS=humongous(starts), HC=humongous(continues), CS=collection set, F=free, A=archive, TAMS=top-at-mark-start (previous, next)
|   0|0x0000000080000000, 0x0000000080100000, 0x0000000080100000|100%| O|  |TAMS 0x0000000080100000, 0x0000000080000000| Updating 
|   1|0x0000000080100000, 0x0000000080200000, 0x0000000080200000|100%| O|  |TAMS 0x0000000080200000, 0x0000000080100000| Updating 
|   2|0x0000000080200000, 0x0000000080300000, 0x0000000080300000|100%| O|  |TAMS 0x0000000080300000, 0x0000000080200000| Updating 
|   3|0x0000000080300000, 0x0000000080400000, 0x0000000080400000|100%|HS|  |TAMS 0x0000000080400000, 0x0000000080300000| Complete 
|   4|0x0000000080400000, 0x0000000080500000, 0x0000000080500000|100%|HC|  |TAMS 0x0000000080500000, 0x0000000080400000| Complete 
|   5|0x0000000080500000, 0x0000000080600000, 0x0000000080600000|100%|HC|  |TAMS 0x0000000080600000, 0x0000000080500000| Complete 
|   6|0x0000000080600000, 0x0000000080700000, 0x0000000080700000|100%| O|  |TAMS 0x0000000080700000, 0x0000000080600000| Updating 
|   7|0x0000000080700000, 0x0000000080800000, 0x0000000080800000|100%| O|  |TAMS 0x0000000080800000, 0x0000000080700000| Updating 
|   8|0x0000000080800000, 0x0000000080900000, 0x0000000080900000|100%| O|  |TAMS 0x0000000080900000, 0x0000000080800000| Updating 
|   9|0x0000000080900000, 0x0000000080a00000, 0x0000000080a00000|100%| O|  |TAMS 0x0000000080a00000, 0x0000000080900000| Updating 
|  10|0x0000000080a00000, 0x0000000080b00000, 0x0000000080b00000|100%| O|  |TAMS 0x0000000080b00000, 0x0000000080a00000| Updating 
|  11|0x0000000080b00000, 0x0000000080c00000, 0x0000000080c00000|100%| O|  |TAMS 0x0000000080c00000, 0x0000000080b00000| Updating 
|  12|0x0000000080c00000, 0x0000000080d00000, 0x0000000080d00000|100%| O|  |TAMS 0x0000000080d00000, 0x0000000080c00000| Updating 
|  13|0x0000000080d00000, 0x0000000080e00000, 0x0000000080e00000|100%| O|  |TAMS 0x0000000080e00000, 0x0000000080d00000| Updating 
|  14|0x0000000080e00000, 0x0000000080f00000, 0x0000000080f00000|100%| O|  |TAMS 0x0000000080f00000, 0x0000000080e00000| Updating 
|  15|0x0000000080f00000, 0x0000000081000000, 0x0000000081000000|100%| O|  |TAMS 0x0000000081000000, 0x0000000080f00000| Updating 
|  16|0x0000000081000000, 0x0000000081100000, 0x0000000081100000|100%| O|  |TAMS 0x0000000081100000, 0x0000000081000000| Updating 
|  17|0x0000000081100000, 0x0000000081200000, 0x0000000081200000|100%|HS|  |TAMS 0x0000000081200000, 0x0000000081100000| Complete 
|  18|0x0000000081200000, 0x0000000081300000, 0x0000000081300000|100%|HS|  |TAMS 0x0000000081300000, 0x0000000081200000| Complete 
|  19|0x0000000081300000, 0x0000000081400000, 0x0000000081400000|100%|HS|  |TAMS 0x0000000081400000, 0x0000000081300000| Complete 
|  20|0x0000000081400000, 0x0000000081500000, 0x0000000081500000|100%|HS|  |TAMS 0x0000000081500000, 0x0000000081400000| Complete 
|  21|0x0000000081500000, 0x0000000081600000, 0x0000000081600000|100%|HC|  |TAMS 0x0000000081600000, 0x0000000081500000| Complete 
|  22|0x0000000081600000, 0x0000000081700000, 0x0000000081700000|100%|HC|  |TAMS 0x0000000081700000, 0x0000000081600000| Complete 
|  23|0x0000000081700000, 0x0000000081800000, 0x0000000081800000|100%|HS|  |TAMS 0x0000000081800000, 0x0000000081700000| Complete 
|  24|0x0000000081800000, 0x0000000081900000, 0x0000000081900000|100%|HC|  |TAMS 0x0000000081900000, 0x0000000081800000| Complete 
|  25|0x0000000081900000, 0x0000000081a00000, 0x0000000081a00000|100%| O|  |TAMS 0x0000000081a00000, 0x0000000081900000| Updating 
|  26|0x0000000081a00000, 0x0000000081b00000, 0x0000000081b00000|100%| O|  |TAMS 0x0000000081b00000, 0x0000000081a00000| Updating 
|  27|0x0000000081b00000, 0x0000000081c00000, 0x0000000081c00000|100%| O|  |TAMS 0x0000000081c00000, 0x0000000081b00000| Updating 
|  28|0x0000000081c00000, 0x0000000081d00000, 0x0000000081d00000|100%| O|  |TAMS 0x0000000081d00000, 0x0000000081c00000| Updating 
|  29|0x0000000081d00000, 0x0000000081e00000, 0x0000000081e00000|100%| O|  |TAMS 0x0000000081e00000, 0x0000000081d00000| Updating 
|  30|0x0000000081e00000, 0x0000000081f00000, 0x0000000081f00000|100%| O|  |TAMS 0x0000000081f00000, 0x0000000081e00000| Updating 
|  31|0x0000000081f00000, 0x0000000082000000, 0x0000000082000000|100%| O|  |TAMS 0x0000000082000000, 0x0000000081f00000| Updating 
|  32|0x0000000082000000, 0x0000000082100000, 0x0000000082100000|100%| O|  |TAMS 0x0000000082100000, 0x0000000082000000| Updating 
|  33|0x0000000082100000, 0x0000000082200000, 0x0000000082200000|100%| O|  |TAMS 0x0000000082200000, 0x0000000082100000| Updating 
|  34|0x0000000082200000, 0x0000000082300000, 0x0000000082300000|100%| O|  |TAMS 0x0000000082300000, 0x0000000082200000| Updating 
|  35|0x0000000082300000, 0x0000000082400000, 0x0000000082400000|100%| O|  |TAMS 0x0000000082400000, 0x0000000082300000| Updating 
|  36|0x0000000082400000, 0x0000000082500000, 0x0000000082500000|100%| O|  |TAMS 0x0000000082500000, 0x0000000082400000| Updating 
|  37|0x0000000082500000, 0x0000000082600000, 0x0000000082600000|100%| O|  |TAMS 0x0000000082600000, 0x0000000082500000| Updating 
|  38|0x0000000082600000, 0x0000000082700000, 0x0000000082700000|100%| O|  |TAMS 0x0000000082700000, 0x0000000082600000| Updating 
|  39|0x0000000082700000, 0x0000000082800000, 0x0000000082800000|100%| O|  |TAMS 0x0000000082800000, 0x0000000082700000| Updating 
|  40|0x0000000082800000, 0x0000000082900000, 0x0000000082900000|100%| O|  |TAMS 0x0000000082900000, 0x0000000082800000| Updating 
|  41|0x0000000082900000, 0x0000000082a00000, 0x0000000082a00000|100%| O|  |TAMS 0x0000000082a00000, 0x0000000082900000| Updating 
|  42|0x0000000082a00000, 0x0000000082b00000, 0x0000000082b00000|100%| O|  |TAMS 0x0000000082b00000, 0x0000000082a00000| Updating 
|  43|0x0000000082b00000, 0x0000000082c00000, 0x0000000082c00000|100%| O|  |TAMS 0x0000000082c00000, 0x0000000082b00000| Updating 
|  44|0x0000000082c00000, 0x0000000082d00000, 0x0000000082d00000|100%| O|  |TAMS 0x0000000082d00000, 0x0000000082c00000| Updating 
|  45|0x0000000082d00000, 0x0000000082e00000, 0x0000000082e00000|100%| O|  |TAMS 0x0000000082e00000, 0x0000000082d00000| Updating 
|  46|0x0000000082e00000, 0x0000000082f00000, 0x0000000082f00000|100%| O|  |TAMS 0x0000000082f00000, 0x0000000082e00000| Updating 
|  47|0x0000000082f00000, 0x0000000083000000, 0x0000000083000000|100%| O|  |TAMS 0x0000000083000000, 0x0000000082f00000| Updating 
|  48|0x0000000083000000, 0x0000000083100000, 0x0000000083100000|100%| O|  |TAMS 0x0000000083100000, 0x0000000083000000| Updating 
|  49|0x0000000083100000, 0x0000000083200000, 0x0000000083200000|100%| O|  |TAMS 0x0000000083200000, 0x0000000083100000| Updating 
|  50|0x0000000083200000, 0x0000000083300000, 0x0000000083300000|100%| O|  |TAMS 0x0000000083300000, 0x0000000083200000| Updating 
|  51|0x0000000083300000, 0x0000000083400000, 0x0000000083400000|100%| O|  |TAMS 0x0000000083400000, 0x0000000083300000| Updating 
|  52|0x0000000083400000, 0x0000000083500000, 0x0000000083500000|100%| O|  |TAMS 0x0000000083500000, 0x0000000083400000| Updating 
|  53|0x0000000083500000, 0x0000000083600000, 0x0000000083600000|100%| O|  |TAMS 0x0000000083600000, 0x0000000083500000| Updating 
|  54|0x0000000083600000, 0x0000000083700000, 0x0000000083700000|100%| O|  |TAMS 0x0000000083700000, 0x0000000083600000| Updating 
|  55|0x0000000083700000, 0x0000000083800000, 0x0000000083800000|100%| O|  |TAMS 0x0000000083800000, 0x0000000083700000| Updating 
|  56|0x0000000083800000, 0x0000000083900000, 0x0000000083900000|100%| O|  |TAMS 0x0000000083900000, 0x0000000083800000| Updating 
|  57|0x0000000083900000, 0x0000000083a00000, 0x0000000083a00000|100%| O|  |TAMS 0x0000000083a00000, 0x0000000083900000| Updating 
|  58|0x0000000083a00000, 0x0000000083b00000, 0x0000000083b00000|100%| O|  |TAMS 0x0000000083b00000, 0x0000000083a00000| Updating 
|  59|0x0000000083b00000, 0x0000000083c00000, 0x0000000083c00000|100%| O|  |TAMS 0x0000000083c00000, 0x0000000083b00000| Updating 
|  60|0x0000000083c00000, 0x0000000083d00000, 0x0000000083d00000|100%| O|  |TAMS 0x0000000083d00000, 0x0000000083c00000| Updating 
|  61|0x0000000083d00000, 0x0000000083e00000, 0x0000000083e00000|100%| O|  |TAMS 0x0000000083e00000, 0x0000000083d00000| Updating 
|  62|0x0000000083e00000, 0x0000000083f00000, 0x0000000083f00000|100%| O|  |TAMS 0x0000000083f00000, 0x0000000083e00000| Updating 
|  63|0x0000000083f00000, 0x0000000084000000, 0x0000000084000000|100%| O|  |TAMS 0x0000000084000000, 0x0000000083f00000| Updating 
|  64|0x0000000084000000, 0x0000000084100000, 0x0000000084100000|100%| O|  |TAMS 0x0000000084100000, 0x0000000084000000| Updating 
|  65|0x0000000084100000, 0x0000000084200000, 0x0000000084200000|100%| O|  |TAMS 0x0000000084200000, 0x0000000084100000| Updating 
|  66|0x0000000084200000, 0x0000000084300000, 0x0000000084300000|100%| O|  |TAMS 0x0000000084300000, 0x0000000084200000| Updating 
|  67|0x0000000084300000, 0x0000000084400000, 0x0000000084400000|100%| O|  |TAMS 0x0000000084400000, 0x0000000084300000| Updating 
|  68|0x0000000084400000, 0x0000000084500000, 0x0000000084500000|100%| O|  |TAMS 0x0000000084500000, 0x0000000084400000| Updating 
|  69|0x0000000084500000, 0x0000000084600000, 0x0000000084600000|100%| O|  |TAMS 0x0000000084600000, 0x0000000084500000| Updating 
|  70|0x0000000084600000, 0x0000000084700000, 0x0000000084700000|100%| O|  |TAMS 0x0000000084700000, 0x0000000084600000| Updating 
|  71|0x0000000084700000, 0x0000000084800000, 0x0000000084800000|100%| O|  |TAMS 0x0000000084800000, 0x0000000084700000| Updating 
|  72|0x0000000084800000, 0x0000000084900000, 0x0000000084900000|100%| O|  |TAMS 0x0000000084900000, 0x0000000084800000| Updating 
|  73|0x0000000084900000, 0x0000000084a00000, 0x0000000084a00000|100%| O|  |TAMS 0x0000000084a00000, 0x0000000084900000| Updating 
|  74|0x0000000084a00000, 0x0000000084b00000, 0x0000000084b00000|100%| O|  |TAMS 0x0000000084b00000, 0x0000000084a00000| Updating 
|  75|0x0000000084b00000, 0x0000000084c00000, 0x0000000084c00000|100%| O|  |TAMS 0x0000000084c00000, 0x0000000084b00000| Updating 
|  76|0x0000000084c00000, 0x0000000084d00000, 0x0000000084d00000|100%| O|  |TAMS 0x0000000084d00000, 0x0000000084c00000| Updating 
|  77|0x0000000084d00000, 0x0000000084e00000, 0x0000000084e00000|100%| O|  |TAMS 0x0000000084e00000, 0x0000000084d00000| Updating 
|  78|0x0000000084e00000, 0x0000000084f00000, 0x0000000084f00000|100%| O|  |TAMS 0x0000000084f00000, 0x0000000084e00000| Updating 
|  79|0x0000000084f00000, 0x0000000085000000, 0x0000000085000000|100%| O|  |TAMS 0x0000000085000000, 0x0000000084f00000| Updating 
|  80|0x0000000085000000, 0x0000000085100000, 0x0000000085100000|100%| O|  |TAMS 0x0000000085100000, 0x0000000085000000| Updating 
|  81|0x0000000085100000, 0x0000000085200000, 0x0000000085200000|100%| O|  |TAMS 0x0000000085200000, 0x0000000085100000| Updating 
|  82|0x0000000085200000, 0x0000000085300000, 0x0000000085300000|100%| O|  |TAMS 0x0000000085300000, 0x0000000085200000| Updating 
|  83|0x0000000085300000, 0x0000000085400000, 0x0000000085400000|100%| O|  |TAMS 0x0000000085400000, 0x0000000085300000| Updating 
|  84|0x0000000085400000, 0x0000000085500000, 0x0000000085500000|100%| O|  |TAMS 0x0000000085500000, 0x0000000085400000| Updating 
|  85|0x0000000085500000, 0x0000000085600000, 0x0000000085600000|100%| O|  |TAMS 0x0000000085600000, 0x0000000085500000| Updating 
|  86|0x0000000085600000, 0x0000000085700000, 0x0000000085700000|100%| O|  |TAMS 0x0000000085700000, 0x0000000085600000| Updating 
|  87|0x0000000085700000, 0x0000000085800000, 0x0000000085800000|100%| O|  |TAMS 0x0000000085800000, 0x0000000085700000| Updating 
|  88|0x0000000085800000, 0x0000000085900000, 0x0000000085900000|100%| O|  |TAMS 0x0000000085900000, 0x0000000085800000| Updating 
|  89|0x0000000085900000, 0x0000000085a00000, 0x0000000085a00000|100%|HS|  |TAMS 0x0000000085a00000, 0x0000000085900000| Complete 
|  90|0x0000000085a00000, 0x0000000085b00000, 0x0000000085b00000|100%|HC|  |TAMS 0x0000000085b00000, 0x0000000085a00000| Complete 
|  91|0x0000000085b00000, 0x0000000085c00000, 0x0000000085c00000|100%|HS|  |TAMS 0x0000000085c00000, 0x0000000085b00000| Complete 
|  92|0x0000000085c00000, 0x0000000085d00000, 0x0000000085d00000|100%|HC|  |TAMS 0x0000000085d00000, 0x0000000085c00000| Complete 
|  93|0x0000000085d00000, 0x0000000085e00000, 0x0000000085e00000|100%|HS|  |TAMS 0x0000000085e00000, 0x0000000085d00000| Complete 
|  94|0x0000000085e00000, 0x0000000085f00000, 0x0000000085f00000|100%|HS|  |TAMS 0x0000000085f00000, 0x0000000085e00000| Complete 
|  95|0x0000000085f00000, 0x0000000086000000, 0x0000000086000000|100%|HC|  |TAMS 0x0000000086000000, 0x0000000085f00000| Complete 
|  96|0x0000000086000000, 0x0000000086100000, 0x0000000086100000|100%|HS|  |TAMS 0x0000000086100000, 0x0000000086000000| Complete 
|  97|0x0000000086100000, 0x0000000086200000, 0x0000000086200000|100%|HS|  |TAMS 0x0000000086200000, 0x0000000086100000| Complete 
|  98|0x0000000086200000, 0x0000000086300000, 0x0000000086300000|100%|HC|  |TAMS 0x0000000086300000, 0x0000000086200000| Complete 
|  99|0x0000000086300000, 0x0000000086400000, 0x0000000086400000|100%|HS|  |TAMS 0x0000000086400000, 0x0000000086300000| Complete 
| 100|0x0000000086400000, 0x0000000086500000, 0x0000000086500000|100%|HC|  |TAMS 0x0000000086500000, 0x0000000086400000| Complete 
| 101|0x0000000086500000, 0x0000000086600000, 0x0000000086600000|100%|HS|  |TAMS 0x0000000086600000, 0x0000000086500000| Complete 
| 102|0x0000000086600000, 0x0000000086700000, 0x0000000086700000|100%|HS|  |TAMS 0x0000000086700000, 0x0000000086600000| Complete 
| 103|0x0000000086700000, 0x0000000086800000, 0x0000000086800000|100%|HC|  |TAMS 0x0000000086800000, 0x0000000086700000| Complete 
| 104|0x0000000086800000, 0x0000000086900000, 0x0000000086900000|100%|HC|  |TAMS 0x0000000086900000, 0x0000000086800000| Complete 
| 105|0x0000000086900000, 0x0000000086a00000, 0x0000000086a00000|100%| O|  |TAMS 0x0000000086a00000, 0x0000000086900000| Updating 
| 106|0x0000000086a00000, 0x0000000086b00000, 0x0000000086b00000|100%| O|  |TAMS 0x0000000086b00000, 0x0000000086a00000| Updating 
| 107|0x0000000086b00000, 0x0000000086c00000, 0x0000000086c00000|100%| O|  |TAMS 0x0000000086c00000, 0x0000000086b00000| Updating 
| 108|0x0000000086c00000, 0x0000000086d00000, 0x0000000086d00000|100%|HS|  |TAMS 0x0000000086d00000, 0x0000000086c00000| Complete 
| 109|0x0000000086d00000, 0x0000000086e00000, 0x0000000086e00000|100%|HC|  |TAMS 0x0000000086e00000, 0x0000000086d00000| Complete 
| 110|0x0000000086e00000, 0x0000000086f00000, 0x0000000086f00000|100%|HC|  |TAMS 0x0000000086f00000, 0x0000000086e00000| Complete 
| 111|0x0000000086f00000, 0x0000000087000000, 0x0000000087000000|100%|HS|  |TAMS 0x0000000087000000, 0x0000000086f00000| Complete 
| 112|0x0000000087000000, 0x0000000087100000, 0x0000000087100000|100%| O|  |TAMS 0x0000000087100000, 0x0000000087000000| Updating 
| 113|0x0000000087100000, 0x0000000087200000, 0x0000000087200000|100%| O|  |TAMS 0x0000000087100000, 0x0000000087100000| Untracked 
| 114|0x0000000087200000, 0x0000000087300000, 0x0000000087300000|100%|HS|  |TAMS 0x0000000087300000, 0x0000000087200000| Complete 
| 115|0x0000000087300000, 0x0000000087400000, 0x0000000087400000|100%|HC|  |TAMS 0x0000000087400000, 0x0000000087300000| Complete 
| 116|0x0000000087400000, 0x0000000087500000, 0x0000000087500000|100%| O|  |TAMS 0x0000000087500000, 0x0000000087400000| Updating 
| 117|0x0000000087500000, 0x0000000087600000, 0x0000000087600000|100%| O|  |TAMS 0x0000000087600000, 0x0000000087500000| Updating 
| 118|0x0000000087600000, 0x0000000087700000, 0x0000000087700000|100%| O|  |TAMS 0x0000000087700000, 0x0000000087600000| Updating 
| 119|0x0000000087700000, 0x0000000087800000, 0x0000000087800000|100%| O|  |TAMS 0x0000000087800000, 0x0000000087700000| Updating 
| 120|0x0000000087800000, 0x0000000087900000, 0x0000000087900000|100%| O|  |TAMS 0x0000000087900000, 0x0000000087800000| Updating 
| 121|0x0000000087900000, 0x0000000087a00000, 0x0000000087a00000|100%| O|  |TAMS 0x0000000087a00000, 0x0000000087900000| Updating 
| 122|0x0000000087a00000, 0x0000000087b00000, 0x0000000087b00000|100%| O|  |TAMS 0x0000000087b00000, 0x0000000087a00000| Updating 
| 123|0x0000000087b00000, 0x0000000087c00000, 0x0000000087c00000|100%| O|  |TAMS 0x0000000087c00000, 0x0000000087b00000| Updating 
| 124|0x0000000087c00000, 0x0000000087d00000, 0x0000000087d00000|100%| O|  |TAMS 0x0000000087d00000, 0x0000000087c00000| Updating 
| 125|0x0000000087d00000, 0x0000000087e00000, 0x0000000087e00000|100%| O|  |TAMS 0x0000000087e00000, 0x0000000087d00000| Updating 
| 126|0x0000000087e00000, 0x0000000087f00000, 0x0000000087f00000|100%| O|  |TAMS 0x0000000087f00000, 0x0000000087e00000| Updating 
| 127|0x0000000087f00000, 0x0000000088000000, 0x0000000088000000|100%| O|  |TAMS 0x0000000088000000, 0x0000000087f00000| Updating 
| 128|0x0000000088000000, 0x0000000088100000, 0x0000000088100000|100%| O|  |TAMS 0x0000000088100000, 0x0000000088000000| Updating 
| 129|0x0000000088100000, 0x0000000088200000, 0x0000000088200000|100%| O|  |TAMS 0x0000000088200000, 0x0000000088100000| Updating 
| 130|0x0000000088200000, 0x0000000088300000, 0x0000000088300000|100%|HS|  |TAMS 0x0000000088300000, 0x0000000088200000| Complete 
| 131|0x0000000088300000, 0x0000000088400000, 0x0000000088400000|100%|HC|  |TAMS 0x0000000088400000, 0x0000000088300000| Complete 
| 132|0x0000000088400000, 0x0000000088500000, 0x0000000088500000|100%| O|  |TAMS 0x0000000088500000, 0x0000000088400000| Updating 
| 133|0x0000000088500000, 0x0000000088600000, 0x0000000088600000|100%|HS|  |TAMS 0x0000000088600000, 0x0000000088500000| Complete 
| 134|0x0000000088600000, 0x0000000088700000, 0x0000000088700000|100%|HS|  |TAMS 0x0000000088700000, 0x0000000088600000| Complete 
| 135|0x0000000088700000, 0x0000000088800000, 0x0000000088800000|100%|HC|  |TAMS 0x0000000088800000, 0x0000000088700000| Complete 
| 136|0x0000000088800000, 0x0000000088900000, 0x0000000088900000|100%|HS|  |TAMS 0x0000000088900000, 0x0000000088800000| Complete 
| 137|0x0000000088900000, 0x0000000088a00000, 0x0000000088a00000|100%|HC|  |TAMS 0x0000000088a00000, 0x0000000088900000| Complete 
| 138|0x0000000088a00000, 0x0000000088b00000, 0x0000000088b00000|100%| O|  |TAMS 0x0000000088b00000, 0x0000000088a00000| Updating 
| 139|0x0000000088b00000, 0x0000000088c00000, 0x0000000088c00000|100%|HS|  |TAMS 0x0000000088c00000, 0x0000000088b00000| Complete 
| 140|0x0000000088c00000, 0x0000000088d00000, 0x0000000088d00000|100%| O|  |TAMS 0x0000000088d00000, 0x0000000088c00000| Updating 
| 141|0x0000000088d00000, 0x0000000088e00000, 0x0000000088e00000|100%| O|  |TAMS 0x0000000088e00000, 0x0000000088d00000| Updating 
| 142|0x0000000088e00000, 0x0000000088f00000, 0x0000000088f00000|100%|HS|  |TAMS 0x0000000088f00000, 0x0000000088e00000| Complete 
| 143|0x0000000088f00000, 0x0000000089000000, 0x0000000089000000|100%|HC|  |TAMS 0x0000000089000000, 0x0000000088f00000| Complete 
| 144|0x0000000089000000, 0x0000000089100000, 0x0000000089100000|100%| O|  |TAMS 0x0000000089100000, 0x0000000089000000| Updating 
| 145|0x0000000089100000, 0x0000000089200000, 0x0000000089200000|100%| O|  |TAMS 0x0000000089200000, 0x0000000089100000| Updating 
| 146|0x0000000089200000, 0x0000000089300000, 0x0000000089300000|100%|HS|  |TAMS 0x0000000089300000, 0x0000000089200000| Complete 
| 147|0x0000000089300000, 0x0000000089400000, 0x0000000089400000|100%|HC|  |TAMS 0x0000000089400000, 0x0000000089300000| Complete 
| 148|0x0000000089400000, 0x0000000089500000, 0x0000000089500000|100%| O|  |TAMS 0x0000000089500000, 0x0000000089400000| Updating 
| 149|0x0000000089500000, 0x0000000089600000, 0x0000000089600000|100%|HS|  |TAMS 0x0000000089600000, 0x0000000089500000| Complete 
| 150|0x0000000089600000, 0x0000000089700000, 0x0000000089700000|100%| O|  |TAMS 0x0000000089700000, 0x0000000089600000| Updating 
| 151|0x0000000089700000, 0x0000000089800000, 0x0000000089800000|100%| O|  |TAMS 0x0000000089800000, 0x0000000089700000| Updating 
| 152|0x0000000089800000, 0x0000000089900000, 0x0000000089900000|100%| O|  |TAMS 0x0000000089900000, 0x0000000089800000| Updating 
| 153|0x0000000089900000, 0x0000000089a00000, 0x0000000089a00000|100%|HS|  |TAMS 0x0000000089a00000, 0x0000000089900000| Complete 
| 154|0x0000000089a00000, 0x0000000089b00000, 0x0000000089b00000|100%|HC|  |TAMS 0x0000000089b00000, 0x0000000089a00000| Complete 
| 155|0x0000000089b00000, 0x0000000089c00000, 0x0000000089c00000|100%|HC|  |TAMS 0x0000000089c00000, 0x0000000089b00000| Complete 
| 156|0x0000000089c00000, 0x0000000089d00000, 0x0000000089d00000|100%| O|  |TAMS 0x0000000089d00000, 0x0000000089c00000| Updating 
| 157|0x0000000089d00000, 0x0000000089e00000, 0x0000000089e00000|100%| O|  |TAMS 0x0000000089e00000, 0x0000000089d00000| Updating 
| 158|0x0000000089e00000, 0x0000000089f00000, 0x0000000089f00000|100%| O|  |TAMS 0x0000000089f00000, 0x0000000089e00000| Updating 
| 159|0x0000000089f00000, 0x000000008a000000, 0x000000008a000000|100%|HS|  |TAMS 0x000000008a000000, 0x0000000089f00000| Complete 
| 160|0x000000008a000000, 0x000000008a100000, 0x000000008a100000|100%|HC|  |TAMS 0x000000008a100000, 0x000000008a000000| Complete 
| 161|0x000000008a100000, 0x000000008a200000, 0x000000008a200000|100%|HC|  |TAMS 0x000000008a200000, 0x000000008a100000| Complete 
| 162|0x000000008a200000, 0x000000008a300000, 0x000000008a300000|100%| O|  |TAMS 0x000000008a300000, 0x000000008a200000| Updating 
| 163|0x000000008a300000, 0x000000008a400000, 0x000000008a400000|100%|HS|  |TAMS 0x000000008a400000, 0x000000008a300000| Complete 
| 164|0x000000008a400000, 0x000000008a500000, 0x000000008a500000|100%| O|  |TAMS 0x000000008a500000, 0x000000008a400000| Updating 
| 165|0x000000008a500000, 0x000000008a600000, 0x000000008a600000|100%| O|  |TAMS 0x000000008a600000, 0x000000008a500000| Updating 
| 166|0x000000008a600000, 0x000000008a700000, 0x000000008a700000|100%| O|  |TAMS 0x000000008a700000, 0x000000008a600000| Updating 
| 167|0x000000008a700000, 0x000000008a800000, 0x000000008a800000|100%| O|  |TAMS 0x000000008a800000, 0x000000008a700000| Updating 
| 168|0x000000008a800000, 0x000000008a900000, 0x000000008a900000|100%| O|  |TAMS 0x000000008a900000, 0x000000008a800000| Updating 
| 169|0x000000008a900000, 0x000000008aa00000, 0x000000008aa00000|100%| O|  |TAMS 0x000000008aa00000, 0x000000008a900000| Updating 
| 170|0x000000008aa00000, 0x000000008ab00000, 0x000000008ab00000|100%| O|  |TAMS 0x000000008ab00000, 0x000000008aa00000| Updating 
| 171|0x000000008ab00000, 0x000000008ac00000, 0x000000008ac00000|100%| O|  |TAMS 0x000000008ac00000, 0x000000008ab00000| Updating 
| 172|0x000000008ac00000, 0x000000008ad00000, 0x000000008ad00000|100%| O|  |TAMS 0x000000008ad00000, 0x000000008ac00000| Updating 
| 173|0x000000008ad00000, 0x000000008ae00000, 0x000000008ae00000|100%| O|  |TAMS 0x000000008ae00000, 0x000000008ad00000| Updating 
| 174|0x000000008ae00000, 0x000000008af00000, 0x000000008af00000|100%| O|  |TAMS 0x000000008af00000, 0x000000008ae00000| Updating 
| 175|0x000000008af00000, 0x000000008b000000, 0x000000008b000000|100%| O|  |TAMS 0x000000008b000000, 0x000000008af00000| Updating 
| 176|0x000000008b000000, 0x000000008b100000, 0x000000008b100000|100%| O|  |TAMS 0x000000008b100000, 0x000000008b000000| Updating 
| 177|0x000000008b100000, 0x000000008b200000, 0x000000008b200000|100%| O|  |TAMS 0x000000008b200000, 0x000000008b100000| Updating 
| 178|0x000000008b200000, 0x000000008b300000, 0x000000008b300000|100%| O|  |TAMS 0x000000008b300000, 0x000000008b200000| Updating 
| 179|0x000000008b300000, 0x000000008b400000, 0x000000008b400000|100%| O|  |TAMS 0x000000008b400000, 0x000000008b300000| Updating 
| 180|0x000000008b400000, 0x000000008b500000, 0x000000008b500000|100%| O|  |TAMS 0x000000008b500000, 0x000000008b400000| Updating 
| 181|0x000000008b500000, 0x000000008b600000, 0x000000008b600000|100%| O|  |TAMS 0x000000008b600000, 0x000000008b500000| Updating 
| 182|0x000000008b600000, 0x000000008b700000, 0x000000008b700000|100%| O|  |TAMS 0x000000008b700000, 0x000000008b600000| Updating 
| 183|0x000000008b700000, 0x000000008b800000, 0x000000008b800000|100%| O|  |TAMS 0x000000008b800000, 0x000000008b700000| Updating 
| 184|0x000000008b800000, 0x000000008b900000, 0x000000008b900000|100%| O|  |TAMS 0x000000008b900000, 0x000000008b800000| Updating 
| 185|0x000000008b900000, 0x000000008ba00000, 0x000000008ba00000|100%| O|  |TAMS 0x000000008ba00000, 0x000000008b900000| Updating 
| 186|0x000000008ba00000, 0x000000008bb00000, 0x000000008bb00000|100%| O|  |TAMS 0x000000008bb00000, 0x000000008ba00000| Updating 
| 187|0x000000008bb00000, 0x000000008bc00000, 0x000000008bc00000|100%| O|  |TAMS 0x000000008bc00000, 0x000000008bb00000| Updating 
| 188|0x000000008bc00000, 0x000000008bd00000, 0x000000008bd00000|100%| O|  |TAMS 0x000000008bd00000, 0x000000008bc00000| Updating 
| 189|0x000000008bd00000, 0x000000008be00000, 0x000000008be00000|100%| O|  |TAMS 0x000000008be00000, 0x000000008bd00000| Updating 
| 190|0x000000008be00000, 0x000000008bf00000, 0x000000008bf00000|100%| O|  |TAMS 0x000000008bf00000, 0x000000008be00000| Updating 
| 191|0x000000008bf00000, 0x000000008c000000, 0x000000008c000000|100%|HS|  |TAMS 0x000000008c000000, 0x000000008bf00000| Complete 
| 192|0x000000008c000000, 0x000000008c100000, 0x000000008c100000|100%|HC|  |TAMS 0x000000008c100000, 0x000000008c000000| Complete 
| 193|0x000000008c100000, 0x000000008c200000, 0x000000008c200000|100%| O|  |TAMS 0x000000008c200000, 0x000000008c100000| Updating 
| 194|0x000000008c200000, 0x000000008c300000, 0x000000008c300000|100%| O|  |TAMS 0x000000008c300000, 0x000000008c200000| Updating 
| 195|0x000000008c300000, 0x000000008c400000, 0x000000008c400000|100%| O|  |TAMS 0x000000008c400000, 0x000000008c300000| Updating 
| 196|0x000000008c400000, 0x000000008c500000, 0x000000008c500000|100%| O|  |TAMS 0x000000008c500000, 0x000000008c400000| Updating 
| 197|0x000000008c500000, 0x000000008c600000, 0x000000008c600000|100%| O|  |TAMS 0x000000008c600000, 0x000000008c500000| Updating 
| 198|0x000000008c600000, 0x000000008c700000, 0x000000008c700000|100%| O|  |TAMS 0x000000008c700000, 0x000000008c600000| Updating 
| 199|0x000000008c700000, 0x000000008c800000, 0x000000008c800000|100%| O|  |TAMS 0x000000008c800000, 0x000000008c700000| Updating 
| 200|0x000000008c800000, 0x000000008c900000, 0x000000008c900000|100%| O|  |TAMS 0x000000008c900000, 0x000000008c800000| Updating 
| 201|0x000000008c900000, 0x000000008ca00000, 0x000000008ca00000|100%| O|  |TAMS 0x000000008ca00000, 0x000000008c900000| Updating 
| 202|0x000000008ca00000, 0x000000008cb00000, 0x000000008cb00000|100%| O|  |TAMS 0x000000008cb00000, 0x000000008ca00000| Updating 
| 203|0x000000008cb00000, 0x000000008cc00000, 0x000000008cc00000|100%| O|  |TAMS 0x000000008cc00000, 0x000000008cb00000| Updating 
| 204|0x000000008cc00000, 0x000000008cd00000, 0x000000008cd00000|100%| O|  |TAMS 0x000000008cd00000, 0x000000008cc00000| Updating 
| 205|0x000000008cd00000, 0x000000008ce00000, 0x000000008ce00000|100%| O|  |TAMS 0x000000008ce00000, 0x000000008cd00000| Updating 
| 206|0x000000008ce00000, 0x000000008cf00000, 0x000000008cf00000|100%| O|  |TAMS 0x000000008cf00000, 0x000000008ce00000| Updating 
| 207|0x000000008cf00000, 0x000000008d000000, 0x000000008d000000|100%| O|  |TAMS 0x000000008d000000, 0x000000008cf00000| Updating 
| 208|0x000000008d000000, 0x000000008d100000, 0x000000008d100000|100%| O|  |TAMS 0x000000008d100000, 0x000000008d000000| Updating 
| 209|0x000000008d100000, 0x000000008d200000, 0x000000008d200000|100%| O|  |TAMS 0x000000008d200000, 0x000000008d100000| Updating 
| 210|0x000000008d200000, 0x000000008d300000, 0x000000008d300000|100%| O|  |TAMS 0x000000008d300000, 0x000000008d200000| Updating 
| 211|0x000000008d300000, 0x000000008d400000, 0x000000008d400000|100%| O|  |TAMS 0x000000008d400000, 0x000000008d300000| Updating 
| 212|0x000000008d400000, 0x000000008d500000, 0x000000008d500000|100%| O|  |TAMS 0x000000008d500000, 0x000000008d400000| Updating 
| 213|0x000000008d500000, 0x000000008d600000, 0x000000008d600000|100%| O|  |TAMS 0x000000008d600000, 0x000000008d500000| Updating 
| 214|0x000000008d600000, 0x000000008d700000, 0x000000008d700000|100%| O|  |TAMS 0x000000008d700000, 0x000000008d600000| Updating 
| 215|0x000000008d700000, 0x000000008d800000, 0x000000008d800000|100%| O|  |TAMS 0x000000008d732e00, 0x000000008d700000| Updating 
| 216|0x000000008d800000, 0x000000008d900000, 0x000000008d900000|100%| O|  |TAMS 0x000000008d800000, 0x000000008d800000| Untracked 
| 217|0x000000008d900000, 0x000000008da00000, 0x000000008da00000|100%| O|  |TAMS 0x000000008d900000, 0x000000008d900000| Untracked 
| 218|0x000000008da00000, 0x000000008db00000, 0x000000008db00000|100%| O|  |TAMS 0x000000008da00000, 0x000000008da00000| Untracked 
| 219|0x000000008db00000, 0x000000008dc00000, 0x000000008dc00000|100%| O|  |TAMS 0x000000008db00000, 0x000000008db00000| Untracked 
| 220|0x000000008dc00000, 0x000000008dd00000, 0x000000008dd00000|100%| O|  |TAMS 0x000000008dc00000, 0x000000008dc00000| Untracked 
| 221|0x000000008dd00000, 0x000000008de00000, 0x000000008de00000|100%| O|  |TAMS 0x000000008dd00000, 0x000000008dd00000| Untracked 
| 222|0x000000008de00000, 0x000000008df00000, 0x000000008df00000|100%| O|  |TAMS 0x000000008de00000, 0x000000008de00000| Untracked 
| 223|0x000000008df00000, 0x000000008e000000, 0x000000008e000000|100%| O|  |TAMS 0x000000008df00000, 0x000000008df00000| Untracked 
| 224|0x000000008e000000, 0x000000008e100000, 0x000000008e100000|100%| O|  |TAMS 0x000000008e000000, 0x000000008e000000| Untracked 
| 225|0x000000008e100000, 0x000000008e200000, 0x000000008e200000|100%| O|  |TAMS 0x000000008e100000, 0x000000008e100000| Untracked 
| 226|0x000000008e200000, 0x000000008e300000, 0x000000008e300000|100%| O|  |TAMS 0x000000008e200000, 0x000000008e200000| Untracked 
| 227|0x000000008e300000, 0x000000008e400000, 0x000000008e400000|100%| O|  |TAMS 0x000000008e300000, 0x000000008e300000| Untracked 
| 228|0x000000008e400000, 0x000000008e500000, 0x000000008e500000|100%| O|  |TAMS 0x000000008e400000, 0x000000008e400000| Untracked 
| 229|0x000000008e500000, 0x000000008e600000, 0x000000008e600000|100%| O|  |TAMS 0x000000008e500000, 0x000000008e500000| Untracked 
| 230|0x000000008e600000, 0x000000008e700000, 0x000000008e700000|100%| O|  |TAMS 0x000000008e600000, 0x000000008e600000| Untracked 
| 231|0x000000008e700000, 0x000000008e800000, 0x000000008e800000|100%| O|  |TAMS 0x000000008e700000, 0x000000008e700000| Untracked 
| 232|0x000000008e800000, 0x000000008e900000, 0x000000008e900000|100%| O|  |TAMS 0x000000008e800000, 0x000000008e800000| Untracked 
| 233|0x000000008e900000, 0x000000008ea00000, 0x000000008ea00000|100%| O|  |TAMS 0x000000008e900000, 0x000000008e900000| Untracked 
| 234|0x000000008ea00000, 0x000000008eb00000, 0x000000008eb00000|100%| O|  |TAMS 0x000000008ea00000, 0x000000008ea00000| Untracked 
| 235|0x000000008eb00000, 0x000000008ec00000, 0x000000008ec00000|100%| O|  |TAMS 0x000000008eb00000, 0x000000008eb00000| Untracked 
| 236|0x000000008ec00000, 0x000000008ed00000, 0x000000008ed00000|100%| O|  |TAMS 0x000000008ec00000, 0x000000008ec00000| Untracked 
| 237|0x000000008ed00000, 0x000000008ee00000, 0x000000008ee00000|100%| O|  |TAMS 0x000000008ed00000, 0x000000008ed00000| Untracked 
| 238|0x000000008ee00000, 0x000000008ef00000, 0x000000008ef00000|100%| O|  |TAMS 0x000000008ee00000, 0x000000008ee00000| Untracked 
| 239|0x000000008ef00000, 0x000000008f000000, 0x000000008f000000|100%| O|  |TAMS 0x000000008ef00000, 0x000000008ef00000| Untracked 
| 240|0x000000008f000000, 0x000000008f0d7600, 0x000000008f100000| 84%| O|  |TAMS 0x000000008f000000, 0x000000008f000000| Untracked 
| 241|0x000000008f100000, 0x000000008f100000, 0x000000008f200000|  0%| F|  |TAMS 0x000000008f100000, 0x000000008f100000| Untracked 
| 242|0x000000008f200000, 0x000000008f200000, 0x000000008f300000|  0%| F|  |TAMS 0x000000008f200000, 0x000000008f200000| Untracked 
| 243|0x000000008f300000, 0x000000008f300000, 0x000000008f400000|  0%| F|  |TAMS 0x000000008f300000, 0x000000008f300000| Untracked 
| 244|0x000000008f400000, 0x000000008f500000, 0x000000008f500000|100%| S|CS|TAMS 0x000000008f400000, 0x000000008f400000| Complete 
| 245|0x000000008f500000, 0x000000008f600000, 0x000000008f600000|100%| S|CS|TAMS 0x000000008f500000, 0x000000008f500000| Complete 
| 246|0x000000008f600000, 0x000000008f600000, 0x000000008f700000|  0%| F|  |TAMS 0x000000008f600000, 0x000000008f600000| Untracked 
| 247|0x000000008f700000, 0x000000008f700000, 0x000000008f800000|  0%| F|  |TAMS 0x000000008f700000, 0x000000008f700000| Untracked 
| 248|0x000000008f800000, 0x000000008f800000, 0x000000008f900000|  0%| F|  |TAMS 0x000000008f800000, 0x000000008f800000| Untracked 
| 249|0x000000008f900000, 0x000000008f900000, 0x000000008fa00000|  0%| F|  |TAMS 0x000000008f900000, 0x000000008f900000| Untracked 
| 250|0x000000008fa00000, 0x000000008fa00000, 0x000000008fb00000|  0%| F|  |TAMS 0x000000008fa00000, 0x000000008fa00000| Untracked 
| 251|0x000000008fb00000, 0x000000008fb00000, 0x000000008fc00000|  0%| F|  |TAMS 0x000000008fb00000, 0x000000008fb00000| Untracked 
| 252|0x000000008fc00000, 0x000000008fc00000, 0x000000008fd00000|  0%| F|  |TAMS 0x000000008fc00000, 0x000000008fc00000| Untracked 
| 253|0x000000008fd00000, 0x000000008fd00000, 0x000000008fe00000|  0%| F|  |TAMS 0x000000008fd00000, 0x000000008fd00000| Untracked 
| 254|0x000000008fe00000, 0x000000008fe00000, 0x000000008ff00000|  0%| F|  |TAMS 0x000000008fe00000, 0x000000008fe00000| Untracked 
| 255|0x000000008ff00000, 0x000000008ff00000, 0x0000000090000000|  0%| F|  |TAMS 0x000000008ff00000, 0x000000008ff00000| Untracked 

Card table byte_map: [0x0000020ae7230000,0x0000020ae7630000] _byte_map_base: 0x0000020ae6e30000

Marking Bits (Prev, Next): (CMBitMap*) 0x0000020ad3afe608, (CMBitMap*) 0x0000020ad3afe640
 Prev Bits: [0x0000020ae7a30000, 0x0000020ae9a30000)
 Next Bits: [0x0000020ae9a30000, 0x0000020aeba30000)

Polling page: 0x0000020ad1a20000

Metaspace:

Usage:
  Non-class:     92.68 MB capacity,    91.08 MB ( 98%) used,     1.31 MB (  1%) free+waste,   296.69 KB ( <1%) overhead. 
      Class:     14.02 MB capacity,    13.13 MB ( 94%) used,   787.53 KB (  5%) free+waste,   128.19 KB ( <1%) overhead. 
       Both:    106.70 MB capacity,   104.21 MB ( 98%) used,     2.08 MB (  2%) free+waste,   424.88 KB ( <1%) overhead. 

Virtual space:
  Non-class space:       94.00 MB reserved,      93.04 MB ( 99%) committed 
      Class space:        1.00 GB reserved,      14.20 MB (  1%) committed 
             Both:        1.09 GB reserved,     107.23 MB ( 10%) committed 

Chunk freelists:
   Non-Class:  298.00 KB
       Class:  171.00 KB
        Both:  469.00 KB

MaxMetaspaceSize: 17179869184.00 GB
CompressedClassSpaceSize: 1.00 GB

CodeHeap 'non-profiled nmethods': size=119168Kb used=12574Kb max_used=12574Kb free=106593Kb
 bounds [0x0000020adf140000, 0x0000020adfd90000, 0x0000020ae65a0000]
CodeHeap 'profiled nmethods': size=119168Kb used=38187Kb max_used=38187Kb free=80980Kb
 bounds [0x0000020ad7ce0000, 0x0000020ada230000, 0x0000020adf140000]
CodeHeap 'non-nmethods': size=7424Kb used=4021Kb max_used=4070Kb free=3402Kb
 bounds [0x0000020ad75a0000, 0x0000020ad7a30000, 0x0000020ad7ce0000]
 total_blobs=18109 nmethods=17161 adapters=853
 compilation: enabled
              stopped_count=0, restarted_count=0
 full_count=0

Compilation events (20 events):
Event: 138.208 Thread 0x0000020af4ad1800 nmethod 17200 0x0000020adfd7f910 code [0x0000020adfd7fb80, 0x0000020adfd81088]
Event: 138.209 Thread 0x0000020af4ad1800 17219       4       com.android.tools.r8.code.F0::<init> (26 bytes)
Event: 138.210 Thread 0x0000020af4ad1800 nmethod 17219 0x0000020adfd81f90 code [0x0000020adfd82120, 0x0000020adfd821f8]
Event: 138.210 Thread 0x0000020af4ad1800 17038       4       com.android.tools.r8.internal.yr::a (4 bytes)
Event: 138.210 Thread 0x0000020af4ad1800 nmethod 17038 0x0000020adfd82310 code [0x0000020adfd824a0, 0x0000020adfd824f8]
Event: 138.210 Thread 0x0000020af4ad1800 17205       4       com.android.tools.r8.internal.Sb$a::hashCode (32 bytes)
Event: 138.217 Thread 0x0000020af4ad1800 nmethod 17205 0x0000020adfd82590 code [0x0000020adfd82740, 0x0000020adfd82aa8]
Event: 138.218 Thread 0x0000020af4ad1800 17201       4       com.android.tools.r8.internal.yr::a (24 bytes)
Event: 138.220 Thread 0x0000020af9e5f800 nmethod 16769 0x0000020adfd82d90 code [0x0000020adfd82f60, 0x0000020adfd83a98]
Event: 138.220 Thread 0x0000020af9e5f800 17202       4       com.android.tools.r8.graph.Q$$Lambda$1328/0x0000000100b81440::a (5 bytes)
Event: 138.225 Thread 0x0000020af4ad1800 nmethod 17201 0x0000020adfd84010 code [0x0000020adfd841c0, 0x0000020adfd84528]
Event: 138.225 Thread 0x0000020af4ad1800 17220       4       com.android.tools.r8.dex.j::i (798 bytes)
Event: 138.226 Thread 0x0000020af9e66800 nmethod 17197 0x0000020adfd84790 code [0x0000020adfd84a20, 0x0000020adfd867a0]
Event: 138.226 Thread 0x0000020af9e66800 17203       4       com.android.tools.r8.internal.f8::a (12 bytes)
Event: 138.238 Thread 0x0000020afc617000 17221       3       com.android.tools.r8.code.d0::<init> (30 bytes)
Event: 138.238 Thread 0x0000020aef39e000 17222       3       com.android.tools.r8.code.J::<init> (6 bytes)
Event: 138.238 Thread 0x0000020af2403800 17223       3       com.android.tools.r8.code.d0::hashCode (22 bytes)
Event: 138.239 Thread 0x0000020af2403800 nmethod 17223 0x0000020ada229390 code [0x0000020ada229540, 0x0000020ada229748]
Event: 138.239 Thread 0x0000020afc617000 nmethod 17221 0x0000020ada229810 code [0x0000020ada229a80, 0x0000020ada22a538]
Event: 138.239 Thread 0x0000020aef39e000 nmethod 17222 0x0000020ada22a910 code [0x0000020ada22aae0, 0x0000020ada22adb8]

GC Heap History (20 events):
Event: 137.565 GC heap after
{Heap after GC invocations=26 (full 0):
 garbage-first heap   total 262144K, used 193536K [0x0000000080000000, 0x0000000100000000)
  region size 1024K, 6 young (6144K), 6 survivors (6144K)
 Metaspace       used 104455K, capacity 106948K, committed 107632K, reserved 1142784K
  class space    used 12974K, capacity 13888K, committed 14156K, reserved 1048576K
}
Event: 137.596 GC heap before
{Heap before GC invocations=26 (full 0):
 garbage-first heap   total 262144K, used 203776K [0x0000000080000000, 0x0000000100000000)
  region size 1024K, 17 young (17408K), 6 survivors (6144K)
 Metaspace       used 104455K, capacity 106948K, committed 107632K, reserved 1142784K
  class space    used 12974K, capacity 13888K, committed 14156K, reserved 1048576K
}
Event: 137.609 GC heap after
{Heap after GC invocations=27 (full 0):
 garbage-first heap   total 262144K, used 199041K [0x0000000080000000, 0x0000000100000000)
  region size 1024K, 4 young (4096K), 4 survivors (4096K)
 Metaspace       used 104455K, capacity 106948K, committed 107632K, reserved 1142784K
  class space    used 12974K, capacity 13888K, committed 14156K, reserved 1048576K
}
Event: 137.767 GC heap before
{Heap before GC invocations=27 (full 0):
 garbage-first heap   total 262144K, used 216449K [0x0000000080000000, 0x0000000100000000)
  region size 1024K, 21 young (21504K), 4 survivors (4096K)
 Metaspace       used 106871K, capacity 109551K, committed 109808K, reserved 1144832K
  class space    used 13534K, capacity 14528K, committed 14540K, reserved 1048576K
}
Event: 137.778 GC heap after
{Heap after GC invocations=28 (full 0):
 garbage-first heap   total 262144K, used 205941K [0x0000000080000000, 0x0000000100000000)
  region size 1024K, 3 young (3072K), 3 survivors (3072K)
 Metaspace       used 106871K, capacity 109551K, committed 109808K, reserved 1144832K
  class space    used 13534K, capacity 14528K, committed 14540K, reserved 1048576K
}
Event: 137.834 GC heap before
{Heap before GC invocations=29 (full 0):
 garbage-first heap   total 262144K, used 220277K [0x0000000080000000, 0x0000000100000000)
  region size 1024K, 17 young (17408K), 3 survivors (3072K)
 Metaspace       used 106919K, capacity 109618K, committed 109808K, reserved 1144832K
  class space    used 13535K, capacity 14528K, committed 14540K, reserved 1048576K
}
Event: 137.844 GC heap after
{Heap after GC invocations=30 (full 0):
 garbage-first heap   total 262144K, used 213694K [0x0000000080000000, 0x0000000100000000)
  region size 1024K, 3 young (3072K), 3 survivors (3072K)
 Metaspace       used 106919K, capacity 109618K, committed 109808K, reserved 1144832K
  class space    used 13535K, capacity 14528K, committed 14540K, reserved 1048576K
}
Event: 137.877 GC heap before
{Heap before GC invocations=30 (full 0):
 garbage-first heap   total 262144K, used 222910K [0x0000000080000000, 0x0000000100000000)
  region size 1024K, 12 young (12288K), 3 survivors (3072K)
 Metaspace       used 106936K, capacity 109619K, committed 109808K, reserved 1144832K
  class space    used 13535K, capacity 14528K, committed 14540K, reserved 1048576K
}
Event: 137.885 GC heap after
{Heap after GC invocations=31 (full 0):
 garbage-first heap   total 262144K, used 216697K [0x0000000080000000, 0x0000000100000000)
  region size 1024K, 2 young (2048K), 2 survivors (2048K)
 Metaspace       used 106936K, capacity 109619K, committed 109808K, reserved 1144832K
  class space    used 13535K, capacity 14528K, committed 14540K, reserved 1048576K
}
Event: 137.928 GC heap before
{Heap before GC invocations=31 (full 0):
 garbage-first heap   total 262144K, used 226937K [0x0000000080000000, 0x0000000100000000)
  region size 1024K, 12 young (12288K), 2 survivors (2048K)
 Metaspace       used 106953K, capacity 109620K, committed 109808K, reserved 1144832K
  class space    used 13535K, capacity 14528K, committed 14540K, reserved 1048576K
}
Event: 137.937 GC heap after
{Heap after GC invocations=32 (full 0):
 garbage-first heap   total 262144K, used 222411K [0x0000000080000000, 0x0000000100000000)
  region size 1024K, 2 young (2048K), 2 survivors (2048K)
 Metaspace       used 106953K, capacity 109620K, committed 109808K, reserved 1144832K
  class space    used 13535K, capacity 14528K, committed 14540K, reserved 1048576K
}
Event: 137.975 GC heap before
{Heap before GC invocations=32 (full 0):
 garbage-first heap   total 262144K, used 232651K [0x0000000080000000, 0x0000000100000000)
  region size 1024K, 12 young (12288K), 2 survivors (2048K)
 Metaspace       used 106960K, capacity 109620K, committed 109808K, reserved 1144832K
  class space    used 13535K, capacity 14528K, committed 14540K, reserved 1048576K
}
Event: 137.982 GC heap after
{Heap after GC invocations=33 (full 0):
 garbage-first heap   total 262144K, used 227923K [0x0000000080000000, 0x0000000100000000)
  region size 1024K, 2 young (2048K), 2 survivors (2048K)
 Metaspace       used 106960K, capacity 109620K, committed 109808K, reserved 1144832K
  class space    used 13535K, capacity 14528K, committed 14540K, reserved 1048576K
}
Event: 138.019 GC heap before
{Heap before GC invocations=33 (full 0):
 garbage-first heap   total 262144K, used 238163K [0x0000000080000000, 0x0000000100000000)
  region size 1024K, 12 young (12288K), 2 survivors (2048K)
 Metaspace       used 106962K, capacity 109684K, committed 109808K, reserved 1144832K
  class space    used 13535K, capacity 14528K, committed 14540K, reserved 1048576K
}
Event: 138.028 GC heap after
{Heap after GC invocations=34 (full 0):
 garbage-first heap   total 262144K, used 233009K [0x0000000080000000, 0x0000000100000000)
  region size 1024K, 2 young (2048K), 2 survivors (2048K)
 Metaspace       used 106962K, capacity 109684K, committed 109808K, reserved 1144832K
  class space    used 13535K, capacity 14528K, committed 14540K, reserved 1048576K
}
Event: 138.073 GC heap before
{Heap before GC invocations=34 (full 0):
 garbage-first heap   total 262144K, used 243249K [0x0000000080000000, 0x0000000100000000)
  region size 1024K, 12 young (12288K), 2 survivors (2048K)
 Metaspace       used 106965K, capacity 109684K, committed 109808K, reserved 1144832K
  class space    used 13535K, capacity 14528K, committed 14540K, reserved 1048576K
}
Event: 138.079 GC heap after
{Heap after GC invocations=35 (full 0):
 garbage-first heap   total 262144K, used 238472K [0x0000000080000000, 0x0000000100000000)
  region size 1024K, 2 young (2048K), 2 survivors (2048K)
 Metaspace       used 106965K, capacity 109684K, committed 109808K, reserved 1144832K
  class space    used 13535K, capacity 14528K, committed 14540K, reserved 1048576K
}
Event: 138.183 GC heap before
{Heap before GC invocations=35 (full 0):
 garbage-first heap   total 262144K, used 246664K [0x0000000080000000, 0x0000000100000000)
  region size 1024K, 12 young (12288K), 2 survivors (2048K)
 Metaspace       used 106710K, capacity 109263K, committed 109808K, reserved 1144832K
  class space    used 13441K, capacity 14357K, committed 14540K, reserved 1048576K
}
Event: 138.193 GC heap after
{Heap after GC invocations=36 (full 0):
 garbage-first heap   total 262144K, used 243156K [0x0000000080000000, 0x0000000100000000)
  region size 1024K, 2 young (2048K), 2 survivors (2048K)
 Metaspace       used 106710K, capacity 109263K, committed 109808K, reserved 1144832K
  class space    used 13441K, capacity 14357K, committed 14540K, reserved 1048576K
}
Event: 138.255 GC heap before
{Heap before GC invocations=36 (full 0):
 garbage-first heap   total 262144K, used 253396K [0x0000000080000000, 0x0000000100000000)
  region size 1024K, 12 young (12288K), 2 survivors (2048K)
 Metaspace       used 106712K, capacity 109263K, committed 109808K, reserved 1144832K
  class space    used 13441K, capacity 14357K, committed 14540K, reserved 1048576K
}

Deoptimization events (20 events):
Event: 137.889 Thread 0x0000020af9e61000 DEOPT PACKING pc=0x0000020adfd569c8 sp=0x000000329e9fe700
Event: 137.889 Thread 0x0000020af9e61000 DEOPT UNPACKING pc=0x0000020ad75c78af sp=0x000000329e9fe6f0 mode 2
Event: 137.899 Thread 0x0000020af73e3000 DEOPT PACKING pc=0x0000020ada1004df sp=0x000000329e6fe9a0
Event: 137.899 Thread 0x0000020af73e3000 DEOPT UNPACKING pc=0x0000020ad75c76ce sp=0x000000329e6fdef8 mode 0
Event: 137.909 Thread 0x0000020af73de000 DEOPT PACKING pc=0x0000020ada1003d4 sp=0x000000329dffe6d0
Event: 137.909 Thread 0x0000020af73de000 DEOPT UNPACKING pc=0x0000020ad75c76ce sp=0x000000329dffdc28 mode 0
Event: 137.939 Thread 0x0000020af4acd800 DEOPT PACKING pc=0x0000020ada1004df sp=0x000000329e8fe720
Event: 137.939 Thread 0x0000020af4acd800 DEOPT UNPACKING pc=0x0000020ad75c76ce sp=0x000000329e8fdc78 mode 0
Event: 137.945 Thread 0x0000020af73e1800 DEOPT PACKING pc=0x0000020ada1003d4 sp=0x000000329e4fe7e0
Event: 137.945 Thread 0x0000020af73e1800 DEOPT UNPACKING pc=0x0000020ad75c76ce sp=0x000000329e4fdd38 mode 0
Event: 137.958 Thread 0x0000020af73e0000 DEOPT PACKING pc=0x0000020ada1003d4 sp=0x000000329e2fe230
Event: 137.958 Thread 0x0000020af73e0000 DEOPT UNPACKING pc=0x0000020ad75c76ce sp=0x000000329e2fd788 mode 0
Event: 137.974 Thread 0x0000020af9e63800 DEOPT PACKING pc=0x0000020ada1004df sp=0x000000329ecfedd0
Event: 137.974 Thread 0x0000020af9e63800 DEOPT UNPACKING pc=0x0000020ad75c76ce sp=0x000000329ecfe328 mode 0
Event: 137.993 Thread 0x0000020af73e2800 DEOPT PACKING pc=0x0000020ada1004df sp=0x000000329e5febe0
Event: 137.993 Thread 0x0000020af73e2800 DEOPT UNPACKING pc=0x0000020ad75c76ce sp=0x000000329e5fe138 mode 0
Event: 138.168 Thread 0x0000020af4ad3000 Uncommon trap: trap_request=0xffffff4d fr.pc=0x0000020adfd715f4 relative=0x00000000000019f4
Event: 138.168 Thread 0x0000020af4ad3000 Uncommon trap: reason=unstable_if action=reinterpret pc=0x0000020adfd715f4 method=com.android.tools.r8.dex.j.i()Lcom/android/tools/r8/graph/f0; @ 27 c2
Event: 138.175 Thread 0x0000020af4ad3000 DEOPT PACKING pc=0x0000020adfd715f4 sp=0x000000329e7feb20
Event: 138.175 Thread 0x0000020af4ad3000 DEOPT UNPACKING pc=0x0000020ad75c78af sp=0x000000329e7feb08 mode 2

Classes redefined (0 events):
No events

Internal exceptions (20 events):
Event: 134.863 Thread 0x0000020af2409800 Exception <a 'sun/nio/fs/WindowsException'{0x000000008aff16c8}> (0x000000008aff16c8) thrown at [./src/hotspot/share/prims/jni.cpp, line 615]
Event: 134.863 Thread 0x0000020af2409800 Exception <a 'sun/nio/fs/WindowsException'{0x000000008aff27e8}> (0x000000008aff27e8) thrown at [./src/hotspot/share/prims/jni.cpp, line 615]
Event: 134.863 Thread 0x0000020af2409800 Exception <a 'sun/nio/fs/WindowsException'{0x000000008aff3c48}> (0x000000008aff3c48) thrown at [./src/hotspot/share/prims/jni.cpp, line 615]
Event: 134.990 Thread 0x0000020af2409800 Exception <a 'sun/nio/fs/WindowsException'{0x000000008a7624e0}> (0x000000008a7624e0) thrown at [./src/hotspot/share/prims/jni.cpp, line 615]
Event: 136.775 Thread 0x0000020aef531800 Exception <a 'sun/nio/fs/WindowsException'{0x000000008efe3f08}> (0x000000008efe3f08) thrown at [./src/hotspot/share/prims/jni.cpp, line 615]
Event: 136.787 Thread 0x0000020af48fd800 Exception <a 'java/lang/NoSuchMethodError'{0x000000008ed37f38}: <clinit>> (0x000000008ed37f38) thrown at [./src/hotspot/share/prims/jni.cpp, line 1362]
Event: 136.791 Thread 0x0000020af48fd800 Exception <a 'java/lang/NoSuchMethodError'{0x000000008ed92e80}: <clinit>> (0x000000008ed92e80) thrown at [./src/hotspot/share/prims/jni.cpp, line 1362]
Event: 136.792 Thread 0x0000020af48fd800 Exception <a 'java/lang/NoSuchMethodError'{0x000000008eda59d8}: <clinit>> (0x000000008eda59d8) thrown at [./src/hotspot/share/prims/jni.cpp, line 1362]
Event: 136.959 Thread 0x0000020aef531800 Exception <a 'java/lang/NoSuchMethodError'{0x000000008e39e028}: 'java.lang.Object java.lang.invoke.DirectMethodHandle$Holder.invokeStatic(java.lang.Object, java.lang.Object, java.lang.Object, java.lang.Object, java.lang.Object, java.lang.Object, java.lang.Object, java.lang.Object, java.lang.Object, java.lang.Object, java.lang.Object, java.lang.Object, java.lang.Object, java.lang.Object, java.lang.Object, java.lang.Object, java.lang.Object, java.lang.Object, int, java.lang.Object)'> (0x000000008e39e028) thr
Event: 136.959 Thread 0x0000020aef531800 Exception <a 'java/lang/NoSuchMethodError'{0x000000008e3a38b8}: 'java.lang.Object java.lang.invoke.DirectMethodHandle$Holder.invokeStaticInit(java.lang.Object, java.lang.Object, java.lang.Object, java.lang.Object, java.lang.Object, java.lang.Object, java.lang.Object, java.lang.Object, java.lang.Object, java.lang.Object, java.lang.Object, java.lang.Object, java.lang.Object, java.lang.Object, java.lang.Object, java.lang.Object, java.lang.Object, java.lang.Object, int, java.lang.Object)'> (0x000000008e3a38b8)
Event: 137.174 Thread 0x0000020af73db000 Exception <a 'java/lang/NoSuchMethodError'{0x000000008dc6e480}: 'int java.lang.invoke.DirectMethodHandle$Holder.invokeSpecialIFC(java.lang.Object, java.lang.Object, java.lang.Object)'> (0x000000008dc6e480) thrown at [./src/hotspot/share/interpreter/linkResolver.cpp, line 773]
Event: 137.629 Thread 0x0000020af9e61800 Exception <a 'java/lang/IncompatibleClassChangeError'{0x000000008fdfbf48}: Found class java.lang.Object, but interface was expected> (0x000000008fdfbf48) thrown at [./src/hotspot/share/interpreter/linkResolver.cpp, line 839]
Event: 137.652 Thread 0x0000020af73df000 Exception <a 'java/lang/IncompatibleClassChangeError'{0x000000008fbda818}: Found class java.lang.Object, but interface was expected> (0x000000008fbda818) thrown at [./src/hotspot/share/interpreter/linkResolver.cpp, line 839]
Event: 137.652 Thread 0x0000020af9e65000 Exception <a 'java/lang/IncompatibleClassChangeError'{0x000000008fbd74f0}: Found class java.lang.Object, but interface was expected> (0x000000008fbd74f0) thrown at [./src/hotspot/share/interpreter/linkResolver.cpp, line 839]
Event: 137.652 Thread 0x0000020af4acd800 Exception <a 'java/lang/IncompatibleClassChangeError'{0x000000008fbdefb0}: Found class java.lang.Object, but interface was expected> (0x000000008fbdefb0) thrown at [./src/hotspot/share/interpreter/linkResolver.cpp, line 839]
Event: 137.652 Thread 0x0000020af73de000 Exception <a 'java/lang/IncompatibleClassChangeError'{0x000000008fbe3920}: Found class java.lang.Object, but interface was expected> (0x000000008fbe3920) thrown at [./src/hotspot/share/interpreter/linkResolver.cpp, line 839]
Event: 137.652 Thread 0x0000020af73e3000 Exception <a 'java/lang/IncompatibleClassChangeError'{0x000000008fbd2660}: Found class java.lang.Object, but interface was expected> (0x000000008fbd2660) thrown at [./src/hotspot/share/interpreter/linkResolver.cpp, line 839]
Event: 137.653 Thread 0x0000020af73df000 Exception <a 'java/lang/IncompatibleClassChangeError'{0x000000008fbf06b0}: Found class java.lang.Object, but interface was expected> (0x000000008fbf06b0) thrown at [./src/hotspot/share/interpreter/linkResolver.cpp, line 839]
Event: 137.653 Thread 0x0000020af9e65000 Exception <a 'java/lang/IncompatibleClassChangeError'{0x000000008fbf63f8}: Found class java.lang.Object, but interface was expected> (0x000000008fbf63f8) thrown at [./src/hotspot/share/interpreter/linkResolver.cpp, line 839]
Event: 137.656 Thread 0x0000020af73d8800 Exception <a 'java/lang/NoSuchMethodError'{0x000000008fa4b4e0}: 'java.lang.Object java.lang.invoke.DirectMethodHandle$Holder.newInvokeSpecial(java.lang.Object, int)'> (0x000000008fa4b4e0) thrown at [./src/hotspot/share/interpreter/linkResolver.cpp, line 773]

Events (20 events):
Event: 137.800 Thread 0x0000020af9e66800 Thread added: 0x0000020af9e66800
Event: 137.833 Executing VM operation: G1CollectForAllocation
Event: 137.845 Executing VM operation: G1CollectForAllocation done
Event: 137.873 loading class com/android/tools/r8/graph/f0$a
Event: 137.873 loading class com/android/tools/r8/graph/f0$a done
Event: 137.876 Executing VM operation: G1CollectForAllocation
Event: 137.885 Executing VM operation: G1CollectForAllocation done
Event: 137.928 Executing VM operation: G1CollectForAllocation
Event: 137.937 Executing VM operation: G1CollectForAllocation done
Event: 137.975 Executing VM operation: G1CollectForAllocation
Event: 137.982 Executing VM operation: G1CollectForAllocation done
Event: 138.019 Executing VM operation: G1CollectForAllocation
Event: 138.028 Executing VM operation: G1CollectForAllocation done
Event: 138.072 Executing VM operation: G1CollectForAllocation
Event: 138.080 Executing VM operation: G1CollectForAllocation done
Event: 138.128 Executing VM operation: CGC_Operation
Event: 138.152 Executing VM operation: CGC_Operation done
Event: 138.182 Executing VM operation: G1CollectForAllocation
Event: 138.193 Executing VM operation: G1CollectForAllocation done
Event: 138.252 Executing VM operation: G1CollectForAllocation


Dynamic libraries:
0x00007ff721de0000 - 0x00007ff721dea000 	C:\Program Files\Android\Android Studio\jre\bin\java.exe
0x00007ff822e00000 - 0x00007ff82300f000 	C:\WINDOWS\SYSTEM32\ntdll.dll
0x00007ff8218e0000 - 0x00007ff82199d000 	C:\WINDOWS\System32\KERNEL32.DLL
0x00007ff8204b0000 - 0x00007ff82083c000 	C:\WINDOWS\System32\KERNELBASE.dll
0x00007ff820ac0000 - 0x00007ff820bd1000 	C:\WINDOWS\System32\ucrtbase.dll
0x00007ff8182c0000 - 0x00007ff8182d9000 	C:\Program Files\Android\Android Studio\jre\bin\jli.dll
0x00007ff813e10000 - 0x00007ff813e27000 	C:\Program Files\Android\Android Studio\jre\bin\VCRUNTIME140.dll
0x00007ff8227c0000 - 0x00007ff822966000 	C:\WINDOWS\System32\USER32.dll
0x00007ff8202c0000 - 0x00007ff8202e6000 	C:\WINDOWS\System32\win32u.dll
0x00007ff806f80000 - 0x00007ff807221000 	C:\WINDOWS\WinSxS\amd64_microsoft.windows.common-controls_6595b64144ccf1df_6.0.22504.1000_none_2709b324c11a8942\COMCTL32.dll
0x00007ff820e20000 - 0x00007ff820e49000 	C:\WINDOWS\System32\GDI32.dll
0x00007ff821200000 - 0x00007ff8212a4000 	C:\WINDOWS\System32\msvcrt.dll
0x00007ff8209a0000 - 0x00007ff820ab7000 	C:\WINDOWS\System32\gdi32full.dll
0x00007ff820410000 - 0x00007ff8204aa000 	C:\WINDOWS\System32\msvcp_win.dll
0x00007ff822580000 - 0x00007ff8225b1000 	C:\WINDOWS\System32\IMM32.DLL
0x00007ffff5fe0000 - 0x00007ffff607d000 	C:\Program Files\Android\Android Studio\jre\bin\msvcp140.dll
0x00007fffd1ee0000 - 0x00007fffd29af000 	C:\Program Files\Android\Android Studio\jre\bin\server\jvm.dll
0x00007ff822970000 - 0x00007ff822a1e000 	C:\WINDOWS\System32\ADVAPI32.dll
0x00007ff820e50000 - 0x00007ff820ef1000 	C:\WINDOWS\System32\sechost.dll
0x00007ff820ce0000 - 0x00007ff820dff000 	C:\WINDOWS\System32\RPCRT4.dll
0x00007ff8213d0000 - 0x00007ff8213d8000 	C:\WINDOWS\System32\PSAPI.DLL
0x00007ff818fa0000 - 0x00007ff818fa9000 	C:\WINDOWS\SYSTEM32\WSOCK32.dll
0x00007ff819350000 - 0x00007ff819384000 	C:\WINDOWS\SYSTEM32\WINMM.dll
0x00007ff819c80000 - 0x00007ff819c8a000 	C:\WINDOWS\SYSTEM32\VERSION.dll
0x00007ff820c60000 - 0x00007ff820cd1000 	C:\WINDOWS\System32\WS2_32.dll
0x00007ff81f340000 - 0x00007ff81f358000 	C:\WINDOWS\SYSTEM32\kernel.appcore.dll
0x00007ff8182a0000 - 0x00007ff8182b1000 	C:\Program Files\Android\Android Studio\jre\bin\verify.dll
0x00007ff81dea0000 - 0x00007ff81e0c6000 	C:\WINDOWS\SYSTEM32\DBGHELP.DLL
0x00007ff822a20000 - 0x00007ff822d98000 	C:\WINDOWS\System32\combase.dll
0x00007ff8129a0000 - 0x00007ff8129d1000 	C:\WINDOWS\SYSTEM32\dbgcore.DLL
0x00007ff820be0000 - 0x00007ff820c60000 	C:\WINDOWS\System32\bcryptPrimitives.dll
0x00007ffffea50000 - 0x00007ffffea79000 	C:\Program Files\Android\Android Studio\jre\bin\java.dll
0x00007ff81a1d0000 - 0x00007ff81a1db000 	C:\Program Files\Android\Android Studio\jre\bin\jimage.dll
0x00007ff813e60000 - 0x00007ff813e78000 	C:\Program Files\Android\Android Studio\jre\bin\zip.dll
0x00007ff821dc0000 - 0x00007ff822574000 	C:\WINDOWS\System32\SHELL32.dll
0x00007ff81e3a0000 - 0x00007ff81ebfd000 	C:\WINDOWS\SYSTEM32\windows.storage.dll
0x00007ff81e260000 - 0x00007ff81e39c000 	C:\WINDOWS\SYSTEM32\wintypes.dll
0x00007ff821a30000 - 0x00007ff821b21000 	C:\WINDOWS\System32\SHCORE.dll
0x00007ff820fe0000 - 0x00007ff82103b000 	C:\WINDOWS\System32\shlwapi.dll
0x00007ff8201f0000 - 0x00007ff820211000 	C:\WINDOWS\SYSTEM32\profapi.dll
0x00007ff80a5b0000 - 0x00007ff80a5ca000 	C:\Program Files\Android\Android Studio\jre\bin\net.dll
0x00007ff819b40000 - 0x00007ff819c52000 	C:\WINDOWS\SYSTEM32\WINHTTP.dll
0x00007ff81f770000 - 0x00007ff81f7d9000 	C:\WINDOWS\system32\mswsock.dll
0x00007ff806060000 - 0x00007ff806074000 	C:\Program Files\Android\Android Studio\jre\bin\nio.dll
0x00007ffff9280000 - 0x00007ffff92a7000 	C:\Users\0ae\.gradle\native\8bec1ad78214c89d9ad589b4d07fe93259594b29d510b10fafb7a158f7737e5d\windows-amd64\native-platform.dll
0x00007fffde0c0000 - 0x00007fffde1fd000 	C:\Users\0ae\.gradle\native\53dbd7edfb1c66fb8903c78663c9afc45aea4f116125fa6feffd364cf09443e8\windows-amd64\native-platform-file-events.dll
0x00007ff81a100000 - 0x00007ff81a10a000 	C:\Program Files\Android\Android Studio\jre\bin\management.dll
0x00007ff818390000 - 0x00007ff81839c000 	C:\Program Files\Android\Android Studio\jre\bin\management_ext.dll
0x00007ff81fa50000 - 0x00007ff81fa68000 	C:\WINDOWS\SYSTEM32\CRYPTSP.dll
0x00007ff81f2a0000 - 0x00007ff81f2d5000 	C:\WINDOWS\system32\rsaenh.dll
0x00007ff81f810000 - 0x00007ff81f839000 	C:\WINDOWS\SYSTEM32\USERENV.dll
0x00007ff81fc90000 - 0x00007ff81fcb8000 	C:\WINDOWS\SYSTEM32\bcrypt.dll
0x00007ff81f960000 - 0x00007ff81f96c000 	C:\WINDOWS\SYSTEM32\CRYPTBASE.dll
0x00007ff81ee40000 - 0x00007ff81ee6d000 	C:\WINDOWS\SYSTEM32\IPHLPAPI.DLL
0x00007ff8213e0000 - 0x00007ff8213e9000 	C:\WINDOWS\System32\NSI.dll
0x00007ff8198d0000 - 0x00007ff8198e9000 	C:\WINDOWS\SYSTEM32\dhcpcsvc6.DLL
0x00007ff8198b0000 - 0x00007ff8198ce000 	C:\WINDOWS\SYSTEM32\dhcpcsvc.DLL
0x00007ff81eeb0000 - 0x00007ff81efa7000 	C:\WINDOWS\SYSTEM32\DNSAPI.dll
0x00007ff8109e0000 - 0x00007ff8109fe000 	C:\Users\0ae\AppData\Local\Temp\native-platform14746798691461077764dir\native-platform.dll

dbghelp: loaded successfully - version: 4.0.5 - missing functions: none
symbol engine: initialized successfully - sym options: 0x614 - pdb path: .;C:\Program Files\Android\Android Studio\jre\bin;C:\WINDOWS\SYSTEM32;C:\WINDOWS\WinSxS\amd64_microsoft.windows.common-controls_6595b64144ccf1df_6.0.22504.1000_none_2709b324c11a8942;C:\Program Files\Android\Android Studio\jre\bin\server;C:\Users\0ae\.gradle\native\8bec1ad78214c89d9ad589b4d07fe93259594b29d510b10fafb7a158f7737e5d\windows-amd64;C:\Users\0ae\.gradle\native\53dbd7edfb1c66fb8903c78663c9afc45aea4f116125fa6feffd364cf09443e8\windows-amd64;C:\Users\0ae\AppData\Local\Temp\native-platform14746798691461077764dir

VM Arguments:
jvm_args: --add-opens=java.base/java.util=ALL-UNNAMED --add-opens=java.base/java.lang=ALL-UNNAMED --add-opens=java.base/java.lang.invoke=ALL-UNNAMED --add-opens=java.base/java.util=ALL-UNNAMED --add-opens=java.prefs/java.util.prefs=ALL-UNNAMED --add-opens=java.prefs/java.util.prefs=ALL-UNNAMED --add-opens=java.base/java.nio.charset=ALL-UNNAMED --add-opens=java.base/java.net=ALL-UNNAMED --add-opens=java.base/java.util.concurrent.atomic=ALL-UNNAMED -Xmx2048m -Dfile.encoding=UTF-8 -Duser.country=JP -Duser.language=ja -Duser.variant 
java_command: org.gradle.launcher.daemon.bootstrap.GradleDaemon 7.0.2
java_class_path (initial): C:\Users\0ae\.gradle\wrapper\dists\gradle-7.0.2-bin\857tjihv64xamwrf0h14cai3r\gradle-7.0.2\lib\gradle-launcher-7.0.2.jar
Launcher Type: SUN_STANDARD

[Global flags]
     intx CICompilerCount                          = 12                                        {product} {ergonomic}
     uint ConcGCThreads                            = 3                                         {product} {ergonomic}
     uint G1ConcRefinementThreads                  = 13                                        {product} {ergonomic}
   size_t G1HeapRegionSize                         = 1048576                                   {product} {ergonomic}
    uintx GCDrainStackTargetSize                   = 64                                        {product} {ergonomic}
   size_t InitialHeapSize                          = 268435456                                 {product} {ergonomic}
   size_t MarkStackSize                            = 4194304                                   {product} {ergonomic}
   size_t MaxHeapSize                              = 2147483648                                {product} {command line}
   size_t MaxNewSize                               = 1287651328                                {product} {ergonomic}
   size_t MinHeapDeltaBytes                        = 1048576                                   {product} {ergonomic}
    uintx NonNMethodCodeHeapSize                   = 7594288                                {pd product} {ergonomic}
    uintx NonProfiledCodeHeapSize                  = 122031976                              {pd product} {ergonomic}
    uintx ProfiledCodeHeapSize                     = 122031976                              {pd product} {ergonomic}
    uintx ReservedCodeCacheSize                    = 251658240                              {pd product} {ergonomic}
     bool SegmentedCodeCache                       = true                                      {product} {ergonomic}
     bool UseCompressedClassPointers               = true                                 {lp64_product} {ergonomic}
     bool UseCompressedOops                        = true                                 {lp64_product} {ergonomic}
     bool UseG1GC                                  = true                                      {product} {ergonomic}
     bool UseLargePagesIndividualAllocation        = false                                  {pd product} {ergonomic}

Logging:
Log output configuration:
 #0: stdout all=warning uptime,level,tags
 #1: stderr all=off uptime,level,tags

Environment Variables:
JAVA_HOME=C:\Program Files\Eclipse Foundation\jdk-8.0.302.8-hotspot\
PATH=C:\Program Files\NVIDIA GPU Computing Toolkit\CUDA\v11.4\bin;C:\Program Files\NVIDIA GPU Computing Toolkit\CUDA\v11.4\libnvvp;C:\Program Files\Eclipse Foundation\jdk-8.0.302.8-hotspot\bin;C:\Program Files (x86)\Common Files\Oracle\Java\javapath;C:\Program Files (x86)\Common Files\Intel\Shared Libraries\redist\intel64\compiler;C:\Windows\system32;C:\Windows;C:\Windows\System32\Wbem;C:\Windows\System32\WindowsPowerShell\v1.0\;C:\Windows\System32\OpenSSH\;C:\ProgramData\chocolatey\bin;C:\Users\0ae\AppData\Roaming\nvm;C:\Program Files\nodejs;C:\Program Files\dotnet\;C:\Program Files\Microsoft SQL Server\130\Tools\Binn\;C:\Program Files\Microsoft SQL Server\Client SDK\ODBC\170\Tools\Binn\;C:\Program Files\NVIDIA Corporation\NVIDIA NvDLISR;C:\Program Files (x86)\NVIDIA Corporation\PhysX\Common;C:\Program Files (x86)\Yarn\bin\;C:\Program Files (x86)\dotnet\;C:\WINDOWS\system32;C:\WINDOWS;C:\WINDOWS\System32\Wbem;C:\WINDOWS\System32\WindowsPowerShell\v1.0\;C:\WINDOWS\System32\OpenSSH\;C:\Program Files (x86)\PowerShell\7\;C:\Users\0ae\chromedriver_win32\chromedriver.exe;C:\Program Files (x86)\GnuWin32\bin;C:\Android;C:\gradle-7.1.1\bin;C:\Program Files\Git\cmd;C:\Program Files\NVIDIA Corporation\Nsight Compute 2021.2.2\;C:\WINDOWS\system32;C:\WINDOWS;C:\WINDOWS\System32\Wbem;C:\WINDOWS\System32\WindowsPowerShell\v1.0\;C:\WINDOWS\System32\OpenSSH\;C:\Program Files\PowerShell\7\;C:\Ruby30-x64\bin;C:\Users\0ae\AppData\Local\Programs\Python\Python39\Scripts\;C:\Users\0ae\AppData\Local\Programs\Python\Python39\;C:\Users\0ae\AppData\Local\Android\Sdk\platform-tools;C:\Users\0ae\AppData\Roaming\nvm;C:\Program Files\nodejs;C:\Users\0ae\.dotnet\tools;C:\Users\0ae\AppData\Local\Yarn\bin;C:\Users\0ae\AppData\Local\GitHubDesktop\bin;C:\Users\0ae\AppData\Local\Programs\Microsoft VS Code\bin;C:\Users\0ae\AppData\Local\Microsoft\WindowsApps;C:\Android\android-sdk\tools\;C:\MinGW\bin;
USERNAME=0ae
OS=Windows_NT
PROCESSOR_IDENTIFIER=AMD64 Family 23 Model 8 Stepping 2, AuthenticAMD



---------------  S Y S T E M  ---------------

OS: Windows 10 , 64 bit Build 22504 (10.0.22504.1000)
OS uptime: 1 days 15:14 hours
Hyper-V role detected

CPU:total 16 (initial active 16) (16 cores per cpu, 2 threads per core) family 23 model 8 stepping 2 microcode 0x0, cmov, cx8, fxsr, mmx, sse, sse2, sse3, ssse3, sse4.1, sse4.2, popcnt, avx, avx2, aes, clmul, mmxext, 3dnowpref, lzcnt, sse4a, ht, tsc, tscinvbit, tscinv, bmi1, bmi2, adx, s

Memory: 4k page, system-wide physical 16313M (3078M free)
TotalPageFile size 65465M (AvailPageFile size 67M)
current process WorkingSet (physical memory assigned to process): 627M, peak: 631M
current process commit charge ("private bytes"): 687M, peak: 850M

vm_info: OpenJDK 64-Bit Server VM (11.0.10+0-b96-7249189) for windows-amd64 JRE (11.0.10+0-b96-7249189), built on Mar 31 2021 21:44:00 by "builder" with MS VC++ 14.0 (VS2015)

END.
